SF:C:\Users\krittika\source\repos\ZomatoDemo\ZomatoDemo.DomainModel\Data\DbContext.cs
FN:13,Microsoft.EntityFrameworkCore.DbSet`1<ZomatoDemo.DomainModel.Models.City> ZomatoDemo.Web.Models.ZomatoDbContext::get_City()
FNDA:0,Microsoft.EntityFrameworkCore.DbSet`1<ZomatoDemo.DomainModel.Models.City> ZomatoDemo.Web.Models.ZomatoDbContext::get_City()
DA:14,0
FN:14,Microsoft.EntityFrameworkCore.DbSet`1<ZomatoDemo.DomainModel.Models.Country> ZomatoDemo.Web.Models.ZomatoDbContext::get_Country()
FNDA:0,Microsoft.EntityFrameworkCore.DbSet`1<ZomatoDemo.DomainModel.Models.Country> ZomatoDemo.Web.Models.ZomatoDbContext::get_Country()
DA:15,0
FN:15,Microsoft.EntityFrameworkCore.DbSet`1<ZomatoDemo.DomainModel.Models.Comment> ZomatoDemo.Web.Models.ZomatoDbContext::get_Comment()
FNDA:0,Microsoft.EntityFrameworkCore.DbSet`1<ZomatoDemo.DomainModel.Models.Comment> ZomatoDemo.Web.Models.ZomatoDbContext::get_Comment()
DA:16,0
FN:16,Microsoft.EntityFrameworkCore.DbSet`1<ZomatoDemo.DomainModel.Models.Dishes> ZomatoDemo.Web.Models.ZomatoDbContext::get_Dishes()
FNDA:0,Microsoft.EntityFrameworkCore.DbSet`1<ZomatoDemo.DomainModel.Models.Dishes> ZomatoDemo.Web.Models.ZomatoDbContext::get_Dishes()
DA:17,0
FN:17,Microsoft.EntityFrameworkCore.DbSet`1<ZomatoDemo.DomainModel.Models.DishesOrdered> ZomatoDemo.Web.Models.ZomatoDbContext::get_DishesOrdered()
FNDA:0,Microsoft.EntityFrameworkCore.DbSet`1<ZomatoDemo.DomainModel.Models.DishesOrdered> ZomatoDemo.Web.Models.ZomatoDbContext::get_DishesOrdered()
DA:18,0
FN:18,Microsoft.EntityFrameworkCore.DbSet`1<ZomatoDemo.DomainModel.Models.Likes> ZomatoDemo.Web.Models.ZomatoDbContext::get_Likes()
FNDA:0,Microsoft.EntityFrameworkCore.DbSet`1<ZomatoDemo.DomainModel.Models.Likes> ZomatoDemo.Web.Models.ZomatoDbContext::get_Likes()
DA:19,0
FN:19,Microsoft.EntityFrameworkCore.DbSet`1<ZomatoDemo.DomainModel.Models.Location> ZomatoDemo.Web.Models.ZomatoDbContext::get_Location()
FNDA:0,Microsoft.EntityFrameworkCore.DbSet`1<ZomatoDemo.DomainModel.Models.Location> ZomatoDemo.Web.Models.ZomatoDbContext::get_Location()
DA:20,0
FN:20,Microsoft.EntityFrameworkCore.DbSet`1<ZomatoDemo.DomainModel.Models.OrderDetails> ZomatoDemo.Web.Models.ZomatoDbContext::get_OrderDetails()
FNDA:0,Microsoft.EntityFrameworkCore.DbSet`1<ZomatoDemo.DomainModel.Models.OrderDetails> ZomatoDemo.Web.Models.ZomatoDbContext::get_OrderDetails()
DA:21,0
FN:21,Microsoft.EntityFrameworkCore.DbSet`1<ZomatoDemo.DomainModel.Models.Rating> ZomatoDemo.Web.Models.ZomatoDbContext::get_Rating()
FNDA:0,Microsoft.EntityFrameworkCore.DbSet`1<ZomatoDemo.DomainModel.Models.Rating> ZomatoDemo.Web.Models.ZomatoDbContext::get_Rating()
DA:22,0
FN:22,Microsoft.EntityFrameworkCore.DbSet`1<ZomatoDemo.DomainModel.Models.Restaurant> ZomatoDemo.Web.Models.ZomatoDbContext::get_Restaurant()
FNDA:0,Microsoft.EntityFrameworkCore.DbSet`1<ZomatoDemo.DomainModel.Models.Restaurant> ZomatoDemo.Web.Models.ZomatoDbContext::get_Restaurant()
DA:23,0
FN:23,Microsoft.EntityFrameworkCore.DbSet`1<ZomatoDemo.DomainModel.Models.Review> ZomatoDemo.Web.Models.ZomatoDbContext::get_Review()
FNDA:0,Microsoft.EntityFrameworkCore.DbSet`1<ZomatoDemo.DomainModel.Models.Review> ZomatoDemo.Web.Models.ZomatoDbContext::get_Review()
DA:24,0
FN:25,Microsoft.EntityFrameworkCore.DbSet`1<ZomatoDemo.DomainModel.Models.UserFollow> ZomatoDemo.Web.Models.ZomatoDbContext::get_UserFollow()
FNDA:0,Microsoft.EntityFrameworkCore.DbSet`1<ZomatoDemo.DomainModel.Models.UserFollow> ZomatoDemo.Web.Models.ZomatoDbContext::get_UserFollow()
DA:26,0
FN:9,System.Void ZomatoDemo.Web.Models.ZomatoDbContext::.ctor(Microsoft.EntityFrameworkCore.DbContextOptions`1<ZomatoDemo.Web.Models.ZomatoDbContext>)
FNDA:0,System.Void ZomatoDemo.Web.Models.ZomatoDbContext::.ctor(Microsoft.EntityFrameworkCore.DbContextOptions`1<ZomatoDemo.Web.Models.ZomatoDbContext>)
DA:10,0
DA:11,0
DA:12,0
LF:15
LH:0
BRF:0
BRH:0
FNF:13
FNH:0
end_of_record
SF:C:\Users\krittika\source\repos\ZomatoDemo\ZomatoDemo.DomainModel\Utility\JwtIssuerOptions.cs
FN:11,System.String ZomatoDemo.DomainModel.Utility.JwtIssuerOptions::get_Issuer()
FNDA:0,System.String ZomatoDemo.DomainModel.Utility.JwtIssuerOptions::get_Issuer()
DA:12,0
FN:16,System.String ZomatoDemo.DomainModel.Utility.JwtIssuerOptions::get_Subject()
FNDA:0,System.String ZomatoDemo.DomainModel.Utility.JwtIssuerOptions::get_Subject()
DA:17,0
FN:21,System.String ZomatoDemo.DomainModel.Utility.JwtIssuerOptions::get_Audience()
FNDA:0,System.String ZomatoDemo.DomainModel.Utility.JwtIssuerOptions::get_Audience()
DA:22,0
FN:26,System.DateTime ZomatoDemo.DomainModel.Utility.JwtIssuerOptions::get_Expiration()
FNDA:0,System.DateTime ZomatoDemo.DomainModel.Utility.JwtIssuerOptions::get_Expiration()
DA:27,0
FN:31,System.DateTime ZomatoDemo.DomainModel.Utility.JwtIssuerOptions::get_NotBefore()
FNDA:0,System.DateTime ZomatoDemo.DomainModel.Utility.JwtIssuerOptions::get_NotBefore()
DA:32,0
FN:36,System.DateTime ZomatoDemo.DomainModel.Utility.JwtIssuerOptions::get_IssuedAt()
FNDA:0,System.DateTime ZomatoDemo.DomainModel.Utility.JwtIssuerOptions::get_IssuedAt()
DA:37,0
FN:41,System.TimeSpan ZomatoDemo.DomainModel.Utility.JwtIssuerOptions::get_ValidFor()
FNDA:0,System.TimeSpan ZomatoDemo.DomainModel.Utility.JwtIssuerOptions::get_ValidFor()
DA:42,0
FN:49,System.Func`1<System.Threading.Tasks.Task`1<System.String>> ZomatoDemo.DomainModel.Utility.JwtIssuerOptions::get_JtiGenerator()
FNDA:0,System.Func`1<System.Threading.Tasks.Task`1<System.String>> ZomatoDemo.DomainModel.Utility.JwtIssuerOptions::get_JtiGenerator()
DA:50,0
BRDA:50,6,0,0
BRDA:50,6,1,0
FN:54,Microsoft.IdentityModel.Tokens.SigningCredentials ZomatoDemo.DomainModel.Utility.JwtIssuerOptions::get_SigningCredentials()
FNDA:0,Microsoft.IdentityModel.Tokens.SigningCredentials ZomatoDemo.DomainModel.Utility.JwtIssuerOptions::get_SigningCredentials()
DA:55,0
LF:9
LH:0
BRF:2
BRH:0
FNF:9
FNH:0
end_of_record
SF:C:\Users\krittika\source\repos\ZomatoDemo\ZomatoDemo.DomainModel\Models\City.cs
FN:9,System.Int32 ZomatoDemo.DomainModel.Models.City::get_ID()
FNDA:7,System.Int32 ZomatoDemo.DomainModel.Models.City::get_ID()
DA:10,7
FN:10,System.String ZomatoDemo.DomainModel.Models.City::get_CityName()
FNDA:8,System.String ZomatoDemo.DomainModel.Models.City::get_CityName()
DA:11,8
LF:2
LH:2
BRF:0
BRH:0
FNF:2
FNH:2
end_of_record
SF:C:\Users\krittika\source\repos\ZomatoDemo\ZomatoDemo.DomainModel\Models\Comment.cs
FN:10,System.Int32 ZomatoDemo.DomainModel.Models.Comment::get_ID()
FNDA:5,System.Int32 ZomatoDemo.DomainModel.Models.Comment::get_ID()
DA:11,5
FN:11,System.String ZomatoDemo.DomainModel.Models.Comment::get_CommentMessage()
FNDA:4,System.String ZomatoDemo.DomainModel.Models.Comment::get_CommentMessage()
DA:12,4
FN:12,System.String ZomatoDemo.DomainModel.Models.Comment::get_UserID()
FNDA:4,System.String ZomatoDemo.DomainModel.Models.Comment::get_UserID()
DA:13,4
FN:13,System.Int32 ZomatoDemo.DomainModel.Models.Comment::get_ReviewID()
FNDA:5,System.Int32 ZomatoDemo.DomainModel.Models.Comment::get_ReviewID()
DA:14,5
FN:16,ZomatoDemo.DomainModel.Models.Review ZomatoDemo.DomainModel.Models.Comment::get_Review()
FNDA:0,ZomatoDemo.DomainModel.Models.Review ZomatoDemo.DomainModel.Models.Comment::get_Review()
DA:17,0
FN:18,ZomatoDemo.DomainModel.Models.User ZomatoDemo.DomainModel.Models.Comment::get_User()
FNDA:0,ZomatoDemo.DomainModel.Models.User ZomatoDemo.DomainModel.Models.Comment::get_User()
DA:19,0
LF:6
LH:4
BRF:0
BRH:0
FNF:6
FNH:4
end_of_record
SF:C:\Users\krittika\source\repos\ZomatoDemo\ZomatoDemo.DomainModel\Models\Country.cs
FN:8,System.Int32 ZomatoDemo.DomainModel.Models.Country::get_ID()
FNDA:9,System.Int32 ZomatoDemo.DomainModel.Models.Country::get_ID()
DA:9,9
FN:9,System.String ZomatoDemo.DomainModel.Models.Country::get_CountryName()
FNDA:8,System.String ZomatoDemo.DomainModel.Models.Country::get_CountryName()
DA:10,8
LF:2
LH:2
BRF:0
BRH:0
FNF:2
FNH:2
end_of_record
SF:C:\Users\krittika\source\repos\ZomatoDemo\ZomatoDemo.DomainModel\Models\Dishes.cs
FN:8,System.Int32 ZomatoDemo.DomainModel.Models.Dishes::get_ID()
FNDA:25,System.Int32 ZomatoDemo.DomainModel.Models.Dishes::get_ID()
DA:9,25
FN:9,System.String ZomatoDemo.DomainModel.Models.Dishes::get_DishesName()
FNDA:22,System.String ZomatoDemo.DomainModel.Models.Dishes::get_DishesName()
DA:10,22
FN:10,System.Decimal ZomatoDemo.DomainModel.Models.Dishes::get_Costs()
FNDA:22,System.Decimal ZomatoDemo.DomainModel.Models.Dishes::get_Costs()
DA:11,22
LF:3
LH:3
BRF:0
BRH:0
FNF:3
FNH:3
end_of_record
SF:C:\Users\krittika\source\repos\ZomatoDemo\ZomatoDemo.DomainModel\Models\DishesOrdered.cs
FN:4,System.Int32 ZomatoDemo.DomainModel.Models.DishesOrdered::get_ID()
FNDA:0,System.Int32 ZomatoDemo.DomainModel.Models.DishesOrdered::get_ID()
DA:5,0
FN:5,System.Int32 ZomatoDemo.DomainModel.Models.DishesOrdered::get_ItemsCount()
FNDA:0,System.Int32 ZomatoDemo.DomainModel.Models.DishesOrdered::get_ItemsCount()
DA:6,0
FN:7,ZomatoDemo.DomainModel.Models.Dishes ZomatoDemo.DomainModel.Models.DishesOrdered::get_Dishes()
FNDA:5,ZomatoDemo.DomainModel.Models.Dishes ZomatoDemo.DomainModel.Models.DishesOrdered::get_Dishes()
DA:8,5
LF:3
LH:1
BRF:0
BRH:0
FNF:3
FNH:1
end_of_record
SF:C:\Users\krittika\source\repos\ZomatoDemo\ZomatoDemo.DomainModel\Models\Likes.cs
FN:9,System.Int32 ZomatoDemo.DomainModel.Models.Likes::get_ID()
FNDA:0,System.Int32 ZomatoDemo.DomainModel.Models.Likes::get_ID()
DA:10,0
FN:11,ZomatoDemo.DomainModel.Models.Review ZomatoDemo.DomainModel.Models.Likes::get_Reviews()
FNDA:0,ZomatoDemo.DomainModel.Models.Review ZomatoDemo.DomainModel.Models.Likes::get_Reviews()
DA:12,0
FN:12,ZomatoDemo.DomainModel.Models.User ZomatoDemo.DomainModel.Models.Likes::get_Users()
FNDA:0,ZomatoDemo.DomainModel.Models.User ZomatoDemo.DomainModel.Models.Likes::get_Users()
DA:13,0
LF:3
LH:0
BRF:0
BRH:0
FNF:3
FNH:0
end_of_record
SF:C:\Users\krittika\source\repos\ZomatoDemo\ZomatoDemo.DomainModel\Models\Location.cs
FN:9,System.Int32 ZomatoDemo.DomainModel.Models.Location::get_ID()
FNDA:0,System.Int32 ZomatoDemo.DomainModel.Models.Location::get_ID()
DA:10,0
FN:10,System.String ZomatoDemo.DomainModel.Models.Location::get_Locality()
FNDA:0,System.String ZomatoDemo.DomainModel.Models.Location::get_Locality()
DA:11,0
FN:12,System.Int32 ZomatoDemo.DomainModel.Models.Location::get_CityID()
FNDA:0,System.Int32 ZomatoDemo.DomainModel.Models.Location::get_CityID()
DA:13,0
FN:13,System.Int32 ZomatoDemo.DomainModel.Models.Location::get_CountryID()
FNDA:0,System.Int32 ZomatoDemo.DomainModel.Models.Location::get_CountryID()
DA:14,0
FN:16,ZomatoDemo.DomainModel.Models.City ZomatoDemo.DomainModel.Models.Location::get_City()
FNDA:0,ZomatoDemo.DomainModel.Models.City ZomatoDemo.DomainModel.Models.Location::get_City()
DA:17,0
FN:18,ZomatoDemo.DomainModel.Models.Country ZomatoDemo.DomainModel.Models.Location::get_Country()
FNDA:0,ZomatoDemo.DomainModel.Models.Country ZomatoDemo.DomainModel.Models.Location::get_Country()
DA:19,0
LF:6
LH:0
BRF:0
BRH:0
FNF:6
FNH:0
end_of_record
SF:C:\Users\krittika\source\repos\ZomatoDemo\ZomatoDemo.DomainModel\Models\OrderDetails.cs
FN:9,System.Int32 ZomatoDemo.DomainModel.Models.OrderDetails::get_ID()
FNDA:0,System.Int32 ZomatoDemo.DomainModel.Models.OrderDetails::get_ID()
DA:10,0
FN:10,System.DateTime ZomatoDemo.DomainModel.Models.OrderDetails::get_DateTime()
FNDA:0,System.DateTime ZomatoDemo.DomainModel.Models.OrderDetails::get_DateTime()
DA:11,0
FN:12,ZomatoDemo.DomainModel.Models.Restaurant ZomatoDemo.DomainModel.Models.OrderDetails::get_Restaurant()
FNDA:0,ZomatoDemo.DomainModel.Models.Restaurant ZomatoDemo.DomainModel.Models.OrderDetails::get_Restaurant()
DA:13,0
FN:13,ZomatoDemo.DomainModel.Models.User ZomatoDemo.DomainModel.Models.OrderDetails::get_User()
FNDA:0,ZomatoDemo.DomainModel.Models.User ZomatoDemo.DomainModel.Models.OrderDetails::get_User()
DA:14,0
FN:14,System.Collections.Generic.ICollection`1<ZomatoDemo.DomainModel.Models.DishesOrdered> ZomatoDemo.DomainModel.Models.OrderDetails::get_DishesOrdered()
FNDA:3,System.Collections.Generic.ICollection`1<ZomatoDemo.DomainModel.Models.DishesOrdered> ZomatoDemo.DomainModel.Models.OrderDetails::get_DishesOrdered()
DA:15,3
LF:5
LH:1
BRF:0
BRH:0
FNF:5
FNH:1
end_of_record
SF:C:\Users\krittika\source\repos\ZomatoDemo\ZomatoDemo.DomainModel\Models\Rating.cs
FN:9,System.Int32 ZomatoDemo.DomainModel.Models.Rating::get_ID()
FNDA:0,System.Int32 ZomatoDemo.DomainModel.Models.Rating::get_ID()
DA:10,0
FN:10,System.Decimal ZomatoDemo.DomainModel.Models.Rating::get_AverageRating()
FNDA:0,System.Decimal ZomatoDemo.DomainModel.Models.Rating::get_AverageRating()
DA:11,0
FN:12,ZomatoDemo.DomainModel.Models.Restaurant ZomatoDemo.DomainModel.Models.Rating::get_Restaurant()
FNDA:0,ZomatoDemo.DomainModel.Models.Restaurant ZomatoDemo.DomainModel.Models.Rating::get_Restaurant()
DA:13,0
FN:13,ZomatoDemo.DomainModel.Models.User ZomatoDemo.DomainModel.Models.Rating::get_User()
FNDA:0,ZomatoDemo.DomainModel.Models.User ZomatoDemo.DomainModel.Models.Rating::get_User()
DA:14,0
LF:4
LH:0
BRF:0
BRH:0
FNF:4
FNH:0
end_of_record
SF:C:\Users\krittika\source\repos\ZomatoDemo\ZomatoDemo.DomainModel\Models\Restaurant.cs
FN:8,System.Int32 ZomatoDemo.DomainModel.Models.Restaurant::get_ID()
FNDA:23,System.Int32 ZomatoDemo.DomainModel.Models.Restaurant::get_ID()
DA:9,23
FN:9,System.String ZomatoDemo.DomainModel.Models.Restaurant::get_RestaurantName()
FNDA:10,System.String ZomatoDemo.DomainModel.Models.Restaurant::get_RestaurantName()
DA:10,10
FN:10,System.String ZomatoDemo.DomainModel.Models.Restaurant::get_Description()
FNDA:7,System.String ZomatoDemo.DomainModel.Models.Restaurant::get_Description()
DA:11,7
FN:11,System.String ZomatoDemo.DomainModel.Models.Restaurant::get_ContactNumber()
FNDA:3,System.String ZomatoDemo.DomainModel.Models.Restaurant::get_ContactNumber()
DA:12,3
FN:12,System.String ZomatoDemo.DomainModel.Models.Restaurant::get_CuisineType()
FNDA:6,System.String ZomatoDemo.DomainModel.Models.Restaurant::get_CuisineType()
DA:13,6
FN:13,System.String ZomatoDemo.DomainModel.Models.Restaurant::get_AverageCost()
FNDA:3,System.String ZomatoDemo.DomainModel.Models.Restaurant::get_AverageCost()
DA:14,3
FN:14,System.String ZomatoDemo.DomainModel.Models.Restaurant::get_OpeningHours()
FNDA:3,System.String ZomatoDemo.DomainModel.Models.Restaurant::get_OpeningHours()
DA:15,3
FN:15,System.String ZomatoDemo.DomainModel.Models.Restaurant::get_MoreInfo()
FNDA:3,System.String ZomatoDemo.DomainModel.Models.Restaurant::get_MoreInfo()
DA:16,3
FN:17,System.Collections.Generic.ICollection`1<ZomatoDemo.DomainModel.Models.Location> ZomatoDemo.DomainModel.Models.Restaurant::get_Location()
FNDA:3,System.Collections.Generic.ICollection`1<ZomatoDemo.DomainModel.Models.Location> ZomatoDemo.DomainModel.Models.Restaurant::get_Location()
DA:18,3
FN:18,System.Collections.Generic.ICollection`1<ZomatoDemo.DomainModel.Models.Dishes> ZomatoDemo.DomainModel.Models.Restaurant::get_Dishes()
FNDA:13,System.Collections.Generic.ICollection`1<ZomatoDemo.DomainModel.Models.Dishes> ZomatoDemo.DomainModel.Models.Restaurant::get_Dishes()
DA:19,13
LF:10
LH:10
BRF:0
BRH:0
FNF:10
FNH:10
end_of_record
SF:C:\Users\krittika\source\repos\ZomatoDemo\ZomatoDemo.DomainModel\Models\Review.cs
FN:9,System.Int32 ZomatoDemo.DomainModel.Models.Review::get_ID()
FNDA:9,System.Int32 ZomatoDemo.DomainModel.Models.Review::get_ID()
DA:10,9
FN:10,System.Int32 ZomatoDemo.DomainModel.Models.Review::get_LikesCount()
FNDA:9,System.Int32 ZomatoDemo.DomainModel.Models.Review::get_LikesCount()
DA:11,9
FN:11,System.String ZomatoDemo.DomainModel.Models.Review::get_ReviewTexts()
FNDA:8,System.String ZomatoDemo.DomainModel.Models.Review::get_ReviewTexts()
DA:12,8
FN:13,ZomatoDemo.DomainModel.Models.Restaurant ZomatoDemo.DomainModel.Models.Review::get_Restaurant()
FNDA:0,ZomatoDemo.DomainModel.Models.Restaurant ZomatoDemo.DomainModel.Models.Review::get_Restaurant()
DA:14,0
FN:14,ZomatoDemo.DomainModel.Models.User ZomatoDemo.DomainModel.Models.Review::get_User()
FNDA:15,ZomatoDemo.DomainModel.Models.User ZomatoDemo.DomainModel.Models.Review::get_User()
DA:15,15
LF:5
LH:4
BRF:0
BRH:0
FNF:5
FNH:4
end_of_record
SF:C:\Users\krittika\source\repos\ZomatoDemo\ZomatoDemo.DomainModel\Models\User.cs
FN:10,System.String ZomatoDemo.DomainModel.Models.User::get_Id()
FNDA:20,System.String ZomatoDemo.DomainModel.Models.User::get_Id()
DA:11,20
FN:11,System.String ZomatoDemo.DomainModel.Models.User::get_FullName()
FNDA:15,System.String ZomatoDemo.DomainModel.Models.User::get_FullName()
DA:12,15
LF:2
LH:2
BRF:0
BRH:0
FNF:2
FNH:2
end_of_record
SF:C:\Users\krittika\source\repos\ZomatoDemo\ZomatoDemo.DomainModel\Models\UserFollow.cs
FN:10,System.Int32 ZomatoDemo.DomainModel.Models.UserFollow::get_ID()
FNDA:0,System.Int32 ZomatoDemo.DomainModel.Models.UserFollow::get_ID()
DA:11,0
FN:12,System.String ZomatoDemo.DomainModel.Models.UserFollow::get_FolloweeId()
FNDA:0,System.String ZomatoDemo.DomainModel.Models.UserFollow::get_FolloweeId()
DA:13,0
FN:13,System.String ZomatoDemo.DomainModel.Models.UserFollow::get_FollowerId()
FNDA:0,System.String ZomatoDemo.DomainModel.Models.UserFollow::get_FollowerId()
DA:14,0
FN:16,ZomatoDemo.DomainModel.Models.User ZomatoDemo.DomainModel.Models.UserFollow::get_Followee()
FNDA:0,ZomatoDemo.DomainModel.Models.User ZomatoDemo.DomainModel.Models.UserFollow::get_Followee()
DA:17,0
FN:19,ZomatoDemo.DomainModel.Models.User ZomatoDemo.DomainModel.Models.UserFollow::get_Follower()
FNDA:0,ZomatoDemo.DomainModel.Models.User ZomatoDemo.DomainModel.Models.UserFollow::get_Follower()
DA:20,0
LF:5
LH:0
BRF:0
BRH:0
FNF:5
FNH:0
end_of_record
SF:C:\Users\krittika\source\repos\ZomatoDemo\ZomatoDemo.DomainModel\Migrations\20190930115914_Initial.cs
FN:9,System.Void ZomatoDemo.DomainModel.Migrations.Initial::Up(Microsoft.EntityFrameworkCore.Migrations.MigrationBuilder)
FNDA:0,System.Void ZomatoDemo.DomainModel.Migrations.Initial::Up(Microsoft.EntityFrameworkCore.Migrations.MigrationBuilder)
DA:10,0
DA:11,0
DA:12,0
DA:13,0
DA:14,0
DA:15,0
DA:16,0
DA:17,0
DA:18,0
DA:19,0
DA:20,0
DA:21,0
DA:22,0
DA:23,0
DA:25,0
DA:26,0
DA:27,0
DA:28,0
DA:29,0
DA:30,0
DA:31,0
DA:32,0
DA:33,0
DA:34,0
DA:35,0
DA:36,0
DA:37,0
DA:38,0
DA:39,0
DA:40,0
DA:41,0
DA:42,0
DA:43,0
DA:44,0
DA:45,0
DA:46,0
DA:47,0
DA:48,0
DA:49,0
DA:50,0
DA:51,0
DA:53,0
DA:54,0
DA:55,0
DA:56,0
DA:57,0
DA:58,0
DA:59,0
DA:60,0
DA:61,0
DA:62,0
DA:63,0
DA:64,0
DA:66,0
DA:67,0
DA:68,0
DA:69,0
DA:70,0
DA:71,0
DA:72,0
DA:73,0
DA:74,0
DA:75,0
DA:76,0
DA:77,0
DA:79,0
DA:80,0
DA:81,0
DA:82,0
DA:83,0
DA:84,0
DA:85,0
DA:86,0
DA:87,0
DA:88,0
DA:89,0
DA:90,0
DA:92,0
DA:93,0
DA:94,0
DA:95,0
DA:96,0
DA:97,0
DA:98,0
DA:99,0
DA:100,0
DA:101,0
DA:102,0
DA:103,0
DA:104,0
DA:105,0
DA:106,0
DA:107,0
DA:108,0
DA:109,0
DA:110,0
DA:111,0
DA:113,0
DA:114,0
DA:115,0
DA:116,0
DA:117,0
DA:118,0
DA:119,0
DA:120,0
DA:121,0
DA:122,0
DA:123,0
DA:124,0
DA:125,0
DA:126,0
DA:127,0
DA:128,0
DA:129,0
DA:130,0
DA:131,0
DA:132,0
DA:134,0
DA:135,0
DA:136,0
DA:137,0
DA:138,0
DA:139,0
DA:140,0
DA:141,0
DA:142,0
DA:143,0
DA:144,0
DA:145,0
DA:146,0
DA:147,0
DA:148,0
DA:149,0
DA:150,0
DA:151,0
DA:152,0
DA:154,0
DA:155,0
DA:156,0
DA:157,0
DA:158,0
DA:159,0
DA:160,0
DA:161,0
DA:162,0
DA:163,0
DA:164,0
DA:165,0
DA:166,0
DA:167,0
DA:168,0
DA:169,0
DA:170,0
DA:171,0
DA:172,0
DA:173,0
DA:174,0
DA:175,0
DA:176,0
DA:178,0
DA:179,0
DA:180,0
DA:181,0
DA:182,0
DA:183,0
DA:184,0
DA:185,0
DA:186,0
DA:187,0
DA:188,0
DA:189,0
DA:190,0
DA:191,0
DA:192,0
DA:193,0
DA:194,0
DA:195,0
DA:196,0
DA:198,0
DA:199,0
DA:200,0
DA:201,0
DA:202,0
DA:203,0
DA:204,0
DA:205,0
DA:206,0
DA:207,0
DA:208,0
DA:209,0
DA:210,0
DA:211,0
DA:212,0
DA:213,0
DA:214,0
DA:215,0
DA:216,0
DA:217,0
DA:218,0
DA:219,0
DA:220,0
DA:221,0
DA:222,0
DA:224,0
DA:225,0
DA:226,0
DA:227,0
DA:228,0
DA:229,0
DA:230,0
DA:231,0
DA:232,0
DA:233,0
DA:234,0
DA:235,0
DA:236,0
DA:237,0
DA:238,0
DA:239,0
DA:240,0
DA:241,0
DA:242,0
DA:244,0
DA:245,0
DA:246,0
DA:247,0
DA:248,0
DA:249,0
DA:250,0
DA:251,0
DA:252,0
DA:253,0
DA:254,0
DA:255,0
DA:256,0
DA:257,0
DA:258,0
DA:259,0
DA:260,0
DA:261,0
DA:262,0
DA:263,0
DA:264,0
DA:265,0
DA:266,0
DA:267,0
DA:268,0
DA:269,0
DA:270,0
DA:271,0
DA:272,0
DA:273,0
DA:274,0
DA:275,0
DA:276,0
DA:278,0
DA:279,0
DA:280,0
DA:281,0
DA:282,0
DA:283,0
DA:284,0
DA:285,0
DA:286,0
DA:287,0
DA:288,0
DA:289,0
DA:290,0
DA:291,0
DA:292,0
DA:293,0
DA:294,0
DA:295,0
DA:296,0
DA:297,0
DA:298,0
DA:299,0
DA:300,0
DA:301,0
DA:302,0
DA:303,0
DA:305,0
DA:306,0
DA:307,0
DA:308,0
DA:309,0
DA:310,0
DA:311,0
DA:312,0
DA:313,0
DA:314,0
DA:315,0
DA:316,0
DA:317,0
DA:318,0
DA:319,0
DA:320,0
DA:321,0
DA:322,0
DA:323,0
DA:324,0
DA:325,0
DA:326,0
DA:327,0
DA:328,0
DA:329,0
DA:330,0
DA:332,0
DA:333,0
DA:334,0
DA:335,0
DA:336,0
DA:337,0
DA:338,0
DA:339,0
DA:340,0
DA:341,0
DA:342,0
DA:343,0
DA:344,0
DA:345,0
DA:346,0
DA:347,0
DA:348,0
DA:349,0
DA:350,0
DA:351,0
DA:352,0
DA:353,0
DA:354,0
DA:355,0
DA:356,0
DA:357,0
DA:358,0
DA:360,0
DA:361,0
DA:362,0
DA:363,0
DA:364,0
DA:365,0
DA:366,0
DA:367,0
DA:368,0
DA:369,0
DA:370,0
DA:371,0
DA:372,0
DA:373,0
DA:374,0
DA:375,0
DA:376,0
DA:377,0
DA:378,0
DA:379,0
DA:380,0
DA:381,0
DA:382,0
DA:383,0
DA:384,0
DA:385,0
DA:387,0
DA:388,0
DA:389,0
DA:390,0
DA:391,0
DA:392,0
DA:393,0
DA:394,0
DA:395,0
DA:396,0
DA:397,0
DA:398,0
DA:399,0
DA:400,0
DA:401,0
DA:402,0
DA:403,0
DA:404,0
DA:405,0
DA:406,0
DA:407,0
DA:408,0
DA:409,0
DA:410,0
DA:411,0
DA:413,0
DA:414,0
DA:415,0
DA:416,0
DA:418,0
DA:419,0
DA:420,0
DA:421,0
DA:422,0
DA:423,0
DA:425,0
DA:426,0
DA:427,0
DA:428,0
DA:430,0
DA:431,0
DA:432,0
DA:433,0
DA:435,0
DA:436,0
DA:437,0
DA:438,0
DA:440,0
DA:441,0
DA:442,0
DA:443,0
DA:445,0
DA:446,0
DA:447,0
DA:448,0
DA:449,0
DA:450,0
DA:452,0
DA:453,0
DA:454,0
DA:455,0
DA:457,0
DA:458,0
DA:459,0
DA:460,0
DA:462,0
DA:463,0
DA:464,0
DA:465,0
DA:467,0
DA:468,0
DA:469,0
DA:470,0
DA:472,0
DA:473,0
DA:474,0
DA:475,0
DA:477,0
DA:478,0
DA:479,0
DA:480,0
DA:482,0
DA:483,0
DA:484,0
DA:485,0
DA:487,0
DA:488,0
DA:489,0
DA:490,0
DA:492,0
DA:493,0
DA:494,0
DA:495,0
DA:497,0
DA:498,0
DA:499,0
DA:500,0
DA:502,0
DA:503,0
DA:504,0
DA:505,0
DA:507,0
DA:508,0
DA:509,0
DA:510,0
DA:512,0
DA:513,0
DA:514,0
DA:515,0
DA:517,0
DA:518,0
DA:519,0
DA:520,0
DA:522,0
DA:523,0
DA:524,0
DA:525,0
DA:527,0
DA:528,0
DA:529,0
DA:530,0
DA:531,0
BRDA:11,13,0,0
BRDA:11,13,1,0
BRDA:11,45,0,0
BRDA:11,45,1,0
BRDA:25,88,0,0
BRDA:25,88,1,0
BRDA:25,120,0,0
BRDA:25,120,1,0
BRDA:53,163,0,0
BRDA:53,163,1,0
BRDA:53,195,0,0
BRDA:53,195,1,0
BRDA:66,238,0,0
BRDA:66,238,1,0
BRDA:66,270,0,0
BRDA:66,270,1,0
BRDA:79,313,0,0
BRDA:79,313,1,0
BRDA:79,345,0,0
BRDA:79,345,1,0
BRDA:92,388,0,0
BRDA:92,388,1,0
BRDA:92,420,0,0
BRDA:92,420,1,0
BRDA:113,463,0,0
BRDA:113,463,1,0
BRDA:113,495,0,0
BRDA:113,495,1,0
BRDA:134,538,0,0
BRDA:134,538,1,0
BRDA:134,570,0,0
BRDA:134,570,1,0
BRDA:154,613,0,0
BRDA:154,613,1,0
BRDA:154,645,0,0
BRDA:154,645,1,0
BRDA:178,688,0,0
BRDA:178,688,1,0
BRDA:178,720,0,0
BRDA:178,720,1,0
BRDA:198,763,0,0
BRDA:198,763,1,0
BRDA:198,795,0,0
BRDA:198,795,1,0
BRDA:224,838,0,0
BRDA:224,838,1,0
BRDA:224,870,0,0
BRDA:224,870,1,0
BRDA:244,913,0,0
BRDA:244,913,1,0
BRDA:244,945,0,0
BRDA:244,945,1,0
BRDA:278,988,0,0
BRDA:278,988,1,0
BRDA:278,1020,0,0
BRDA:278,1020,1,0
BRDA:305,1063,0,0
BRDA:305,1063,1,0
BRDA:305,1095,0,0
BRDA:305,1095,1,0
BRDA:332,1138,0,0
BRDA:332,1138,1,0
BRDA:332,1170,0,0
BRDA:332,1170,1,0
BRDA:360,1213,0,0
BRDA:360,1213,1,0
BRDA:360,1245,0,0
BRDA:360,1245,1,0
BRDA:387,1288,0,0
BRDA:387,1288,1,0
BRDA:387,1320,0,0
BRDA:387,1320,1,0
FN:533,System.Void ZomatoDemo.DomainModel.Migrations.Initial::Down(Microsoft.EntityFrameworkCore.Migrations.MigrationBuilder)
FNDA:0,System.Void ZomatoDemo.DomainModel.Migrations.Initial::Down(Microsoft.EntityFrameworkCore.Migrations.MigrationBuilder)
DA:534,0
DA:535,0
DA:536,0
DA:538,0
DA:539,0
DA:541,0
DA:542,0
DA:544,0
DA:545,0
DA:547,0
DA:548,0
DA:550,0
DA:551,0
DA:553,0
DA:554,0
DA:556,0
DA:557,0
DA:559,0
DA:560,0
DA:562,0
DA:563,0
DA:565,0
DA:566,0
DA:568,0
DA:569,0
DA:571,0
DA:572,0
DA:574,0
DA:575,0
DA:577,0
DA:578,0
DA:580,0
DA:581,0
DA:583,0
DA:584,0
DA:586,0
DA:587,0
DA:588,0
LF:520
LH:0
BRF:72
BRH:0
FNF:2
FNH:0
end_of_record
SF:C:\Users\krittika\source\repos\ZomatoDemo\ZomatoDemo.DomainModel\Migrations\20190930115914_Initial.Designer.cs
FN:16,System.Void ZomatoDemo.DomainModel.Migrations.Initial::BuildTargetModel(Microsoft.EntityFrameworkCore.ModelBuilder)
FNDA:0,System.Void ZomatoDemo.DomainModel.Migrations.Initial::BuildTargetModel(Microsoft.EntityFrameworkCore.ModelBuilder)
DA:17,0
DA:19,0
DA:20,0
DA:21,0
DA:22,0
DA:24,0
DA:25,0
DA:26,0
DA:27,0
DA:28,0
DA:29,0
DA:30,0
DA:31,0
DA:32,0
DA:33,0
DA:34,0
DA:35,0
DA:36,0
DA:37,0
DA:38,0
DA:39,0
DA:40,0
DA:41,0
DA:42,0
DA:43,0
DA:44,0
DA:45,0
DA:46,0
DA:48,0
DA:49,0
DA:50,0
DA:51,0
DA:52,0
DA:53,0
DA:54,0
DA:55,0
DA:56,0
DA:57,0
DA:58,0
DA:59,0
DA:60,0
DA:61,0
DA:62,0
DA:63,0
DA:64,0
DA:65,0
DA:66,0
DA:68,0
DA:69,0
DA:70,0
DA:71,0
DA:72,0
DA:73,0
DA:74,0
DA:75,0
DA:76,0
DA:77,0
DA:78,0
DA:79,0
DA:80,0
DA:81,0
DA:82,0
DA:83,0
DA:84,0
DA:85,0
DA:86,0
DA:87,0
DA:88,0
DA:89,0
DA:90,0
DA:91,0
DA:92,0
DA:93,0
DA:94,0
DA:95,0
DA:96,0
DA:97,0
DA:98,0
DA:99,0
DA:100,0
DA:101,0
DA:102,0
DA:103,0
DA:104,0
DA:105,0
DA:106,0
DA:107,0
DA:108,0
DA:109,0
DA:110,0
DA:111,0
DA:112,0
DA:113,0
DA:114,0
DA:115,0
DA:116,0
DA:117,0
DA:118,0
DA:119,0
DA:120,0
DA:121,0
DA:122,0
DA:124,0
DA:125,0
DA:126,0
DA:127,0
DA:128,0
DA:129,0
DA:130,0
DA:131,0
DA:132,0
DA:133,0
DA:134,0
DA:135,0
DA:136,0
DA:137,0
DA:138,0
DA:139,0
DA:140,0
DA:141,0
DA:142,0
DA:144,0
DA:145,0
DA:146,0
DA:147,0
DA:148,0
DA:149,0
DA:150,0
DA:151,0
DA:152,0
DA:153,0
DA:154,0
DA:155,0
DA:156,0
DA:157,0
DA:158,0
DA:159,0
DA:160,0
DA:162,0
DA:163,0
DA:164,0
DA:165,0
DA:166,0
DA:167,0
DA:168,0
DA:169,0
DA:170,0
DA:171,0
DA:172,0
DA:173,0
DA:175,0
DA:176,0
DA:177,0
DA:178,0
DA:179,0
DA:180,0
DA:181,0
DA:182,0
DA:183,0
DA:184,0
DA:185,0
DA:186,0
DA:187,0
DA:188,0
DA:190,0
DA:191,0
DA:192,0
DA:193,0
DA:194,0
DA:195,0
DA:196,0
DA:197,0
DA:198,0
DA:199,0
DA:200,0
DA:201,0
DA:203,0
DA:204,0
DA:205,0
DA:206,0
DA:207,0
DA:208,0
DA:209,0
DA:210,0
DA:211,0
DA:212,0
DA:213,0
DA:214,0
DA:216,0
DA:217,0
DA:218,0
DA:219,0
DA:220,0
DA:221,0
DA:222,0
DA:223,0
DA:224,0
DA:225,0
DA:226,0
DA:227,0
DA:228,0
DA:229,0
DA:230,0
DA:231,0
DA:233,0
DA:234,0
DA:235,0
DA:236,0
DA:237,0
DA:238,0
DA:239,0
DA:240,0
DA:241,0
DA:242,0
DA:243,0
DA:244,0
DA:245,0
DA:246,0
DA:247,0
DA:248,0
DA:249,0
DA:250,0
DA:251,0
DA:252,0
DA:254,0
DA:255,0
DA:256,0
DA:257,0
DA:258,0
DA:259,0
DA:260,0
DA:261,0
DA:262,0
DA:263,0
DA:264,0
DA:265,0
DA:266,0
DA:267,0
DA:268,0
DA:269,0
DA:270,0
DA:271,0
DA:273,0
DA:274,0
DA:275,0
DA:276,0
DA:277,0
DA:278,0
DA:279,0
DA:280,0
DA:281,0
DA:282,0
DA:283,0
DA:284,0
DA:285,0
DA:286,0
DA:287,0
DA:288,0
DA:289,0
DA:290,0
DA:291,0
DA:292,0
DA:293,0
DA:294,0
DA:295,0
DA:296,0
DA:298,0
DA:299,0
DA:300,0
DA:301,0
DA:302,0
DA:303,0
DA:304,0
DA:305,0
DA:306,0
DA:307,0
DA:308,0
DA:309,0
DA:310,0
DA:311,0
DA:312,0
DA:313,0
DA:314,0
DA:315,0
DA:316,0
DA:317,0
DA:319,0
DA:320,0
DA:321,0
DA:322,0
DA:323,0
DA:324,0
DA:325,0
DA:326,0
DA:327,0
DA:328,0
DA:329,0
DA:330,0
DA:331,0
DA:332,0
DA:333,0
DA:334,0
DA:335,0
DA:336,0
DA:337,0
DA:338,0
DA:340,0
DA:341,0
DA:342,0
DA:343,0
DA:344,0
DA:345,0
DA:346,0
DA:347,0
DA:348,0
DA:349,0
DA:350,0
DA:351,0
DA:353,0
DA:354,0
DA:355,0
DA:356,0
DA:357,0
DA:358,0
DA:359,0
DA:360,0
DA:361,0
DA:362,0
DA:363,0
DA:364,0
DA:365,0
DA:366,0
DA:367,0
DA:368,0
DA:369,0
DA:370,0
DA:371,0
DA:372,0
DA:373,0
DA:374,0
DA:376,0
DA:377,0
DA:378,0
DA:379,0
DA:380,0
DA:381,0
DA:382,0
DA:383,0
DA:384,0
DA:385,0
DA:386,0
DA:387,0
DA:388,0
DA:389,0
DA:390,0
DA:391,0
DA:392,0
DA:393,0
DA:395,0
DA:396,0
DA:397,0
DA:398,0
DA:399,0
DA:400,0
DA:401,0
DA:402,0
DA:403,0
DA:404,0
DA:405,0
DA:406,0
DA:408,0
DA:409,0
DA:410,0
DA:411,0
DA:412,0
DA:413,0
DA:414,0
DA:416,0
DA:417,0
DA:418,0
DA:419,0
DA:420,0
DA:421,0
DA:422,0
DA:424,0
DA:425,0
DA:426,0
DA:427,0
DA:428,0
DA:429,0
DA:430,0
DA:432,0
DA:433,0
DA:434,0
DA:435,0
DA:436,0
DA:437,0
DA:438,0
DA:439,0
DA:440,0
DA:441,0
DA:442,0
DA:443,0
DA:445,0
DA:446,0
DA:447,0
DA:448,0
DA:449,0
DA:450,0
DA:451,0
DA:453,0
DA:454,0
DA:455,0
DA:456,0
DA:457,0
DA:458,0
DA:460,0
DA:461,0
DA:462,0
DA:463,0
DA:464,0
DA:465,0
DA:466,0
DA:467,0
DA:468,0
DA:469,0
DA:471,0
DA:472,0
DA:473,0
DA:474,0
DA:475,0
DA:476,0
DA:477,0
DA:478,0
DA:479,0
DA:480,0
DA:482,0
DA:483,0
DA:484,0
DA:485,0
DA:486,0
DA:487,0
DA:488,0
DA:489,0
DA:490,0
DA:491,0
DA:492,0
DA:493,0
DA:494,0
DA:495,0
DA:497,0
DA:498,0
DA:499,0
DA:500,0
DA:501,0
DA:502,0
DA:503,0
DA:504,0
DA:505,0
DA:506,0
DA:508,0
DA:509,0
DA:510,0
DA:511,0
DA:512,0
DA:513,0
DA:514,0
DA:515,0
DA:516,0
DA:517,0
DA:519,0
DA:520,0
DA:521,0
DA:522,0
DA:523,0
DA:524,0
DA:525,0
DA:526,0
DA:527,0
DA:528,0
DA:530,0
DA:531,0
DA:532,0
DA:533,0
DA:534,0
DA:535,0
DA:536,0
DA:537,0
DA:538,0
DA:539,0
DA:541,0
BRDA:24,66,0,0
BRDA:24,66,1,0
BRDA:48,109,0,0
BRDA:48,109,1,0
BRDA:68,152,0,0
BRDA:68,152,1,0
BRDA:124,195,0,0
BRDA:124,195,1,0
BRDA:144,238,0,0
BRDA:144,238,1,0
BRDA:162,281,0,0
BRDA:162,281,1,0
BRDA:175,324,0,0
BRDA:175,324,1,0
BRDA:190,367,0,0
BRDA:190,367,1,0
BRDA:203,410,0,0
BRDA:203,410,1,0
BRDA:216,453,0,0
BRDA:216,453,1,0
BRDA:233,496,0,0
BRDA:233,496,1,0
BRDA:254,539,0,0
BRDA:254,539,1,0
BRDA:273,582,0,0
BRDA:273,582,1,0
BRDA:298,625,0,0
BRDA:298,625,1,0
BRDA:319,668,0,0
BRDA:319,668,1,0
BRDA:340,711,0,0
BRDA:340,711,1,0
BRDA:353,754,0,0
BRDA:353,754,1,0
BRDA:376,797,0,0
BRDA:376,797,1,0
BRDA:395,840,0,0
BRDA:395,840,1,0
BRDA:408,883,0,0
BRDA:408,883,1,0
BRDA:416,926,0,0
BRDA:416,926,1,0
BRDA:424,969,0,0
BRDA:424,969,1,0
BRDA:432,1012,0,0
BRDA:432,1012,1,0
BRDA:445,1055,0,0
BRDA:445,1055,1,0
BRDA:453,1098,0,0
BRDA:453,1098,1,0
BRDA:460,1141,0,0
BRDA:460,1141,1,0
BRDA:471,1184,0,0
BRDA:471,1184,1,0
BRDA:482,1227,0,0
BRDA:482,1227,1,0
BRDA:497,1270,0,0
BRDA:497,1270,1,0
BRDA:508,1313,0,0
BRDA:508,1313,1,0
BRDA:519,1356,0,0
BRDA:519,1356,1,0
BRDA:530,1399,0,0
BRDA:530,1399,1,0
LF:491
LH:0
BRF:64
BRH:0
FNF:1
FNH:0
end_of_record
SF:C:\Users\krittika\source\repos\ZomatoDemo\ZomatoDemo.DomainModel\Migrations\20191001111722_RestaurantNameChanged.cs
FN:7,System.Void ZomatoDemo.DomainModel.Migrations.RestaurantNameChanged::Up(Microsoft.EntityFrameworkCore.Migrations.MigrationBuilder)
FNDA:0,System.Void ZomatoDemo.DomainModel.Migrations.RestaurantNameChanged::Up(Microsoft.EntityFrameworkCore.Migrations.MigrationBuilder)
DA:8,0
DA:10,0
FN:12,System.Void ZomatoDemo.DomainModel.Migrations.RestaurantNameChanged::Down(Microsoft.EntityFrameworkCore.Migrations.MigrationBuilder)
FNDA:0,System.Void ZomatoDemo.DomainModel.Migrations.RestaurantNameChanged::Down(Microsoft.EntityFrameworkCore.Migrations.MigrationBuilder)
DA:13,0
DA:15,0
LF:4
LH:0
BRF:0
BRH:0
FNF:2
FNH:0
end_of_record
SF:C:\Users\krittika\source\repos\ZomatoDemo\ZomatoDemo.DomainModel\Migrations\20191001111722_RestaurantNameChanged.Designer.cs
FN:16,System.Void ZomatoDemo.DomainModel.Migrations.RestaurantNameChanged::BuildTargetModel(Microsoft.EntityFrameworkCore.ModelBuilder)
FNDA:0,System.Void ZomatoDemo.DomainModel.Migrations.RestaurantNameChanged::BuildTargetModel(Microsoft.EntityFrameworkCore.ModelBuilder)
DA:17,0
DA:19,0
DA:20,0
DA:21,0
DA:22,0
DA:24,0
DA:25,0
DA:26,0
DA:27,0
DA:28,0
DA:29,0
DA:30,0
DA:31,0
DA:32,0
DA:33,0
DA:34,0
DA:35,0
DA:36,0
DA:37,0
DA:38,0
DA:39,0
DA:40,0
DA:41,0
DA:42,0
DA:43,0
DA:44,0
DA:45,0
DA:46,0
DA:48,0
DA:49,0
DA:50,0
DA:51,0
DA:52,0
DA:53,0
DA:54,0
DA:55,0
DA:56,0
DA:57,0
DA:58,0
DA:59,0
DA:60,0
DA:61,0
DA:62,0
DA:63,0
DA:64,0
DA:65,0
DA:66,0
DA:68,0
DA:69,0
DA:70,0
DA:71,0
DA:72,0
DA:73,0
DA:74,0
DA:75,0
DA:76,0
DA:77,0
DA:78,0
DA:79,0
DA:80,0
DA:81,0
DA:82,0
DA:83,0
DA:84,0
DA:85,0
DA:86,0
DA:87,0
DA:88,0
DA:89,0
DA:90,0
DA:91,0
DA:92,0
DA:93,0
DA:94,0
DA:95,0
DA:96,0
DA:97,0
DA:98,0
DA:99,0
DA:100,0
DA:101,0
DA:102,0
DA:103,0
DA:104,0
DA:105,0
DA:106,0
DA:107,0
DA:108,0
DA:109,0
DA:110,0
DA:111,0
DA:112,0
DA:113,0
DA:114,0
DA:115,0
DA:116,0
DA:117,0
DA:118,0
DA:119,0
DA:120,0
DA:121,0
DA:122,0
DA:124,0
DA:125,0
DA:126,0
DA:127,0
DA:128,0
DA:129,0
DA:130,0
DA:131,0
DA:132,0
DA:133,0
DA:134,0
DA:135,0
DA:136,0
DA:137,0
DA:138,0
DA:139,0
DA:140,0
DA:141,0
DA:142,0
DA:144,0
DA:145,0
DA:146,0
DA:147,0
DA:148,0
DA:149,0
DA:150,0
DA:151,0
DA:152,0
DA:153,0
DA:154,0
DA:155,0
DA:156,0
DA:157,0
DA:158,0
DA:159,0
DA:160,0
DA:162,0
DA:163,0
DA:164,0
DA:165,0
DA:166,0
DA:167,0
DA:168,0
DA:169,0
DA:170,0
DA:171,0
DA:172,0
DA:173,0
DA:175,0
DA:176,0
DA:177,0
DA:178,0
DA:179,0
DA:180,0
DA:181,0
DA:182,0
DA:183,0
DA:184,0
DA:185,0
DA:186,0
DA:187,0
DA:188,0
DA:190,0
DA:191,0
DA:192,0
DA:193,0
DA:194,0
DA:195,0
DA:196,0
DA:197,0
DA:198,0
DA:199,0
DA:200,0
DA:201,0
DA:203,0
DA:204,0
DA:205,0
DA:206,0
DA:207,0
DA:208,0
DA:209,0
DA:210,0
DA:211,0
DA:212,0
DA:213,0
DA:214,0
DA:216,0
DA:217,0
DA:218,0
DA:219,0
DA:220,0
DA:221,0
DA:222,0
DA:223,0
DA:224,0
DA:225,0
DA:226,0
DA:227,0
DA:228,0
DA:229,0
DA:230,0
DA:231,0
DA:233,0
DA:234,0
DA:235,0
DA:236,0
DA:237,0
DA:238,0
DA:239,0
DA:240,0
DA:241,0
DA:242,0
DA:243,0
DA:244,0
DA:245,0
DA:246,0
DA:247,0
DA:248,0
DA:249,0
DA:250,0
DA:251,0
DA:252,0
DA:254,0
DA:255,0
DA:256,0
DA:257,0
DA:258,0
DA:259,0
DA:260,0
DA:261,0
DA:262,0
DA:263,0
DA:264,0
DA:265,0
DA:266,0
DA:267,0
DA:268,0
DA:269,0
DA:270,0
DA:271,0
DA:273,0
DA:274,0
DA:275,0
DA:276,0
DA:277,0
DA:278,0
DA:279,0
DA:280,0
DA:281,0
DA:282,0
DA:283,0
DA:284,0
DA:285,0
DA:286,0
DA:287,0
DA:288,0
DA:289,0
DA:290,0
DA:291,0
DA:292,0
DA:293,0
DA:294,0
DA:295,0
DA:296,0
DA:298,0
DA:299,0
DA:300,0
DA:301,0
DA:302,0
DA:303,0
DA:304,0
DA:305,0
DA:306,0
DA:307,0
DA:308,0
DA:309,0
DA:310,0
DA:311,0
DA:312,0
DA:313,0
DA:314,0
DA:315,0
DA:316,0
DA:317,0
DA:319,0
DA:320,0
DA:321,0
DA:322,0
DA:323,0
DA:324,0
DA:325,0
DA:326,0
DA:327,0
DA:328,0
DA:329,0
DA:330,0
DA:331,0
DA:332,0
DA:333,0
DA:334,0
DA:335,0
DA:336,0
DA:337,0
DA:338,0
DA:340,0
DA:341,0
DA:342,0
DA:343,0
DA:344,0
DA:345,0
DA:346,0
DA:347,0
DA:348,0
DA:349,0
DA:350,0
DA:351,0
DA:353,0
DA:354,0
DA:355,0
DA:356,0
DA:357,0
DA:358,0
DA:359,0
DA:360,0
DA:361,0
DA:362,0
DA:363,0
DA:364,0
DA:365,0
DA:366,0
DA:367,0
DA:368,0
DA:369,0
DA:370,0
DA:371,0
DA:372,0
DA:373,0
DA:374,0
DA:376,0
DA:377,0
DA:378,0
DA:379,0
DA:380,0
DA:381,0
DA:382,0
DA:383,0
DA:384,0
DA:385,0
DA:386,0
DA:387,0
DA:388,0
DA:389,0
DA:390,0
DA:391,0
DA:392,0
DA:393,0
DA:395,0
DA:396,0
DA:397,0
DA:398,0
DA:399,0
DA:400,0
DA:401,0
DA:402,0
DA:403,0
DA:404,0
DA:405,0
DA:406,0
DA:408,0
DA:409,0
DA:410,0
DA:411,0
DA:412,0
DA:413,0
DA:414,0
DA:416,0
DA:417,0
DA:418,0
DA:419,0
DA:420,0
DA:421,0
DA:422,0
DA:424,0
DA:425,0
DA:426,0
DA:427,0
DA:428,0
DA:429,0
DA:430,0
DA:432,0
DA:433,0
DA:434,0
DA:435,0
DA:436,0
DA:437,0
DA:438,0
DA:439,0
DA:440,0
DA:441,0
DA:442,0
DA:443,0
DA:445,0
DA:446,0
DA:447,0
DA:448,0
DA:449,0
DA:450,0
DA:451,0
DA:453,0
DA:454,0
DA:455,0
DA:456,0
DA:457,0
DA:458,0
DA:460,0
DA:461,0
DA:462,0
DA:463,0
DA:464,0
DA:465,0
DA:466,0
DA:467,0
DA:468,0
DA:469,0
DA:471,0
DA:472,0
DA:473,0
DA:474,0
DA:475,0
DA:476,0
DA:477,0
DA:478,0
DA:479,0
DA:480,0
DA:482,0
DA:483,0
DA:484,0
DA:485,0
DA:486,0
DA:487,0
DA:488,0
DA:489,0
DA:490,0
DA:491,0
DA:492,0
DA:493,0
DA:494,0
DA:495,0
DA:497,0
DA:498,0
DA:499,0
DA:500,0
DA:501,0
DA:502,0
DA:503,0
DA:504,0
DA:505,0
DA:506,0
DA:508,0
DA:509,0
DA:510,0
DA:511,0
DA:512,0
DA:513,0
DA:514,0
DA:515,0
DA:516,0
DA:517,0
DA:519,0
DA:520,0
DA:521,0
DA:522,0
DA:523,0
DA:524,0
DA:525,0
DA:526,0
DA:527,0
DA:528,0
DA:530,0
DA:531,0
DA:532,0
DA:533,0
DA:534,0
DA:535,0
DA:536,0
DA:537,0
DA:538,0
DA:539,0
DA:541,0
BRDA:24,66,0,0
BRDA:24,66,1,0
BRDA:48,109,0,0
BRDA:48,109,1,0
BRDA:68,152,0,0
BRDA:68,152,1,0
BRDA:124,195,0,0
BRDA:124,195,1,0
BRDA:144,238,0,0
BRDA:144,238,1,0
BRDA:162,281,0,0
BRDA:162,281,1,0
BRDA:175,324,0,0
BRDA:175,324,1,0
BRDA:190,367,0,0
BRDA:190,367,1,0
BRDA:203,410,0,0
BRDA:203,410,1,0
BRDA:216,453,0,0
BRDA:216,453,1,0
BRDA:233,496,0,0
BRDA:233,496,1,0
BRDA:254,539,0,0
BRDA:254,539,1,0
BRDA:273,582,0,0
BRDA:273,582,1,0
BRDA:298,625,0,0
BRDA:298,625,1,0
BRDA:319,668,0,0
BRDA:319,668,1,0
BRDA:340,711,0,0
BRDA:340,711,1,0
BRDA:353,754,0,0
BRDA:353,754,1,0
BRDA:376,797,0,0
BRDA:376,797,1,0
BRDA:395,840,0,0
BRDA:395,840,1,0
BRDA:408,883,0,0
BRDA:408,883,1,0
BRDA:416,926,0,0
BRDA:416,926,1,0
BRDA:424,969,0,0
BRDA:424,969,1,0
BRDA:432,1012,0,0
BRDA:432,1012,1,0
BRDA:445,1055,0,0
BRDA:445,1055,1,0
BRDA:453,1098,0,0
BRDA:453,1098,1,0
BRDA:460,1141,0,0
BRDA:460,1141,1,0
BRDA:471,1184,0,0
BRDA:471,1184,1,0
BRDA:482,1227,0,0
BRDA:482,1227,1,0
BRDA:497,1270,0,0
BRDA:497,1270,1,0
BRDA:508,1313,0,0
BRDA:508,1313,1,0
BRDA:519,1356,0,0
BRDA:519,1356,1,0
BRDA:530,1399,0,0
BRDA:530,1399,1,0
LF:491
LH:0
BRF:64
BRH:0
FNF:1
FNH:0
end_of_record
SF:C:\Users\krittika\source\repos\ZomatoDemo\ZomatoDemo.DomainModel\Migrations\20191021071229_Location.cs
FN:7,System.Void ZomatoDemo.DomainModel.Migrations.Location::Up(Microsoft.EntityFrameworkCore.Migrations.MigrationBuilder)
FNDA:0,System.Void ZomatoDemo.DomainModel.Migrations.Location::Up(Microsoft.EntityFrameworkCore.Migrations.MigrationBuilder)
DA:8,0
DA:9,0
DA:10,0
DA:11,0
DA:13,0
DA:14,0
DA:15,0
DA:17,0
DA:18,0
DA:19,0
DA:21,0
DA:22,0
DA:23,0
DA:24,0
DA:25,0
DA:26,0
DA:28,0
DA:29,0
DA:30,0
DA:31,0
DA:32,0
DA:33,0
DA:35,0
DA:36,0
DA:37,0
DA:38,0
DA:39,0
DA:40,0
DA:41,0
DA:43,0
DA:44,0
DA:45,0
DA:46,0
DA:47,0
DA:48,0
DA:49,0
DA:50,0
FN:52,System.Void ZomatoDemo.DomainModel.Migrations.Location::Down(Microsoft.EntityFrameworkCore.Migrations.MigrationBuilder)
FNDA:0,System.Void ZomatoDemo.DomainModel.Migrations.Location::Down(Microsoft.EntityFrameworkCore.Migrations.MigrationBuilder)
DA:53,0
DA:54,0
DA:55,0
DA:56,0
DA:58,0
DA:59,0
DA:60,0
DA:62,0
DA:63,0
DA:64,0
DA:65,0
DA:66,0
DA:68,0
DA:69,0
DA:70,0
DA:71,0
DA:72,0
DA:74,0
DA:75,0
DA:76,0
DA:77,0
DA:78,0
DA:80,0
DA:81,0
DA:82,0
DA:83,0
DA:84,0
DA:85,0
DA:86,0
DA:88,0
DA:89,0
DA:90,0
DA:91,0
DA:92,0
DA:93,0
DA:94,0
DA:95,0
LF:74
LH:0
BRF:0
BRH:0
FNF:2
FNH:0
end_of_record
SF:C:\Users\krittika\source\repos\ZomatoDemo\ZomatoDemo.DomainModel\Migrations\20191021071229_Location.Designer.cs
FN:16,System.Void ZomatoDemo.DomainModel.Migrations.Location::BuildTargetModel(Microsoft.EntityFrameworkCore.ModelBuilder)
FNDA:0,System.Void ZomatoDemo.DomainModel.Migrations.Location::BuildTargetModel(Microsoft.EntityFrameworkCore.ModelBuilder)
DA:17,0
DA:19,0
DA:20,0
DA:21,0
DA:22,0
DA:24,0
DA:25,0
DA:26,0
DA:27,0
DA:28,0
DA:29,0
DA:30,0
DA:31,0
DA:32,0
DA:33,0
DA:34,0
DA:35,0
DA:36,0
DA:37,0
DA:38,0
DA:39,0
DA:40,0
DA:41,0
DA:42,0
DA:43,0
DA:44,0
DA:45,0
DA:46,0
DA:48,0
DA:49,0
DA:50,0
DA:51,0
DA:52,0
DA:53,0
DA:54,0
DA:55,0
DA:56,0
DA:57,0
DA:58,0
DA:59,0
DA:60,0
DA:61,0
DA:62,0
DA:63,0
DA:64,0
DA:65,0
DA:66,0
DA:68,0
DA:69,0
DA:70,0
DA:71,0
DA:72,0
DA:73,0
DA:74,0
DA:75,0
DA:76,0
DA:77,0
DA:78,0
DA:79,0
DA:80,0
DA:81,0
DA:82,0
DA:83,0
DA:84,0
DA:85,0
DA:86,0
DA:88,0
DA:89,0
DA:90,0
DA:91,0
DA:92,0
DA:93,0
DA:94,0
DA:95,0
DA:96,0
DA:97,0
DA:98,0
DA:99,0
DA:100,0
DA:101,0
DA:102,0
DA:103,0
DA:104,0
DA:106,0
DA:107,0
DA:108,0
DA:109,0
DA:110,0
DA:111,0
DA:112,0
DA:113,0
DA:114,0
DA:115,0
DA:116,0
DA:117,0
DA:119,0
DA:120,0
DA:121,0
DA:122,0
DA:123,0
DA:124,0
DA:125,0
DA:126,0
DA:127,0
DA:128,0
DA:129,0
DA:130,0
DA:131,0
DA:132,0
DA:134,0
DA:135,0
DA:136,0
DA:137,0
DA:138,0
DA:139,0
DA:140,0
DA:141,0
DA:142,0
DA:143,0
DA:144,0
DA:145,0
DA:146,0
DA:147,0
DA:148,0
DA:149,0
DA:150,0
DA:151,0
DA:152,0
DA:153,0
DA:154,0
DA:155,0
DA:156,0
DA:157,0
DA:158,0
DA:159,0
DA:160,0
DA:161,0
DA:162,0
DA:163,0
DA:164,0
DA:165,0
DA:166,0
DA:167,0
DA:168,0
DA:169,0
DA:170,0
DA:171,0
DA:172,0
DA:173,0
DA:174,0
DA:175,0
DA:176,0
DA:177,0
DA:178,0
DA:179,0
DA:180,0
DA:181,0
DA:182,0
DA:183,0
DA:184,0
DA:185,0
DA:186,0
DA:187,0
DA:189,0
DA:190,0
DA:191,0
DA:192,0
DA:193,0
DA:194,0
DA:195,0
DA:196,0
DA:197,0
DA:198,0
DA:199,0
DA:200,0
DA:202,0
DA:203,0
DA:204,0
DA:205,0
DA:206,0
DA:207,0
DA:208,0
DA:209,0
DA:210,0
DA:211,0
DA:212,0
DA:213,0
DA:215,0
DA:216,0
DA:217,0
DA:218,0
DA:219,0
DA:220,0
DA:221,0
DA:222,0
DA:223,0
DA:224,0
DA:225,0
DA:226,0
DA:227,0
DA:228,0
DA:229,0
DA:230,0
DA:232,0
DA:233,0
DA:234,0
DA:235,0
DA:236,0
DA:237,0
DA:238,0
DA:239,0
DA:240,0
DA:241,0
DA:242,0
DA:243,0
DA:244,0
DA:245,0
DA:246,0
DA:247,0
DA:248,0
DA:249,0
DA:250,0
DA:251,0
DA:253,0
DA:254,0
DA:255,0
DA:256,0
DA:257,0
DA:258,0
DA:259,0
DA:260,0
DA:261,0
DA:262,0
DA:263,0
DA:264,0
DA:265,0
DA:266,0
DA:267,0
DA:268,0
DA:269,0
DA:270,0
DA:272,0
DA:273,0
DA:274,0
DA:275,0
DA:276,0
DA:277,0
DA:278,0
DA:279,0
DA:280,0
DA:281,0
DA:282,0
DA:283,0
DA:284,0
DA:285,0
DA:286,0
DA:287,0
DA:288,0
DA:289,0
DA:290,0
DA:291,0
DA:292,0
DA:293,0
DA:294,0
DA:295,0
DA:297,0
DA:298,0
DA:299,0
DA:300,0
DA:301,0
DA:302,0
DA:303,0
DA:304,0
DA:305,0
DA:306,0
DA:307,0
DA:308,0
DA:309,0
DA:310,0
DA:311,0
DA:312,0
DA:313,0
DA:314,0
DA:315,0
DA:316,0
DA:318,0
DA:319,0
DA:320,0
DA:321,0
DA:322,0
DA:323,0
DA:324,0
DA:325,0
DA:326,0
DA:327,0
DA:328,0
DA:329,0
DA:330,0
DA:331,0
DA:332,0
DA:333,0
DA:334,0
DA:335,0
DA:336,0
DA:337,0
DA:339,0
DA:340,0
DA:341,0
DA:342,0
DA:343,0
DA:344,0
DA:345,0
DA:346,0
DA:347,0
DA:348,0
DA:349,0
DA:350,0
DA:352,0
DA:353,0
DA:354,0
DA:355,0
DA:356,0
DA:357,0
DA:358,0
DA:359,0
DA:360,0
DA:361,0
DA:362,0
DA:363,0
DA:364,0
DA:365,0
DA:366,0
DA:367,0
DA:368,0
DA:369,0
DA:370,0
DA:371,0
DA:372,0
DA:373,0
DA:375,0
DA:376,0
DA:377,0
DA:378,0
DA:379,0
DA:380,0
DA:381,0
DA:382,0
DA:383,0
DA:384,0
DA:385,0
DA:386,0
DA:387,0
DA:388,0
DA:389,0
DA:390,0
DA:391,0
DA:392,0
DA:394,0
DA:395,0
DA:396,0
DA:397,0
DA:398,0
DA:399,0
DA:400,0
DA:402,0
DA:403,0
DA:404,0
DA:405,0
DA:406,0
DA:407,0
DA:408,0
DA:410,0
DA:411,0
DA:412,0
DA:413,0
DA:414,0
DA:415,0
DA:416,0
DA:418,0
DA:419,0
DA:420,0
DA:421,0
DA:422,0
DA:423,0
DA:424,0
DA:425,0
DA:426,0
DA:427,0
DA:428,0
DA:429,0
DA:431,0
DA:432,0
DA:433,0
DA:434,0
DA:435,0
DA:436,0
DA:437,0
DA:439,0
DA:440,0
DA:441,0
DA:442,0
DA:443,0
DA:444,0
DA:446,0
DA:447,0
DA:448,0
DA:449,0
DA:450,0
DA:451,0
DA:452,0
DA:453,0
DA:454,0
DA:455,0
DA:457,0
DA:458,0
DA:459,0
DA:460,0
DA:461,0
DA:462,0
DA:463,0
DA:464,0
DA:465,0
DA:466,0
DA:468,0
DA:469,0
DA:470,0
DA:471,0
DA:472,0
DA:473,0
DA:474,0
DA:475,0
DA:476,0
DA:477,0
DA:478,0
DA:479,0
DA:480,0
DA:481,0
DA:482,0
DA:483,0
DA:485,0
DA:486,0
DA:487,0
DA:488,0
DA:489,0
DA:490,0
DA:491,0
DA:492,0
DA:493,0
DA:494,0
DA:496,0
DA:497,0
DA:498,0
DA:499,0
DA:500,0
DA:501,0
DA:502,0
DA:503,0
DA:504,0
DA:505,0
DA:507,0
DA:508,0
DA:509,0
DA:510,0
DA:511,0
DA:512,0
DA:513,0
DA:514,0
DA:515,0
DA:516,0
DA:518,0
DA:519,0
DA:520,0
DA:521,0
DA:522,0
DA:523,0
DA:524,0
DA:525,0
DA:526,0
DA:527,0
DA:529,0
BRDA:24,66,0,0
BRDA:24,66,1,0
BRDA:48,109,0,0
BRDA:48,109,1,0
BRDA:68,152,0,0
BRDA:68,152,1,0
BRDA:88,195,0,0
BRDA:88,195,1,0
BRDA:106,238,0,0
BRDA:106,238,1,0
BRDA:119,281,0,0
BRDA:119,281,1,0
BRDA:134,324,0,0
BRDA:134,324,1,0
BRDA:189,367,0,0
BRDA:189,367,1,0
BRDA:202,410,0,0
BRDA:202,410,1,0
BRDA:215,453,0,0
BRDA:215,453,1,0
BRDA:232,496,0,0
BRDA:232,496,1,0
BRDA:253,539,0,0
BRDA:253,539,1,0
BRDA:272,582,0,0
BRDA:272,582,1,0
BRDA:297,625,0,0
BRDA:297,625,1,0
BRDA:318,668,0,0
BRDA:318,668,1,0
BRDA:339,711,0,0
BRDA:339,711,1,0
BRDA:352,754,0,0
BRDA:352,754,1,0
BRDA:375,797,0,0
BRDA:375,797,1,0
BRDA:394,840,0,0
BRDA:394,840,1,0
BRDA:402,883,0,0
BRDA:402,883,1,0
BRDA:410,926,0,0
BRDA:410,926,1,0
BRDA:418,969,0,0
BRDA:418,969,1,0
BRDA:431,1012,0,0
BRDA:431,1012,1,0
BRDA:439,1055,0,0
BRDA:439,1055,1,0
BRDA:446,1098,0,0
BRDA:446,1098,1,0
BRDA:457,1141,0,0
BRDA:457,1141,1,0
BRDA:468,1184,0,0
BRDA:468,1184,1,0
BRDA:485,1227,0,0
BRDA:485,1227,1,0
BRDA:496,1270,0,0
BRDA:496,1270,1,0
BRDA:507,1313,0,0
BRDA:507,1313,1,0
BRDA:518,1356,0,0
BRDA:518,1356,1,0
LF:480
LH:0
BRF:62
BRH:0
FNF:1
FNH:0
end_of_record
SF:C:\Users\krittika\source\repos\ZomatoDemo\ZomatoDemo.DomainModel\Migrations\20191023105457_Details.cs
FN:7,System.Void ZomatoDemo.DomainModel.Migrations.Details::Up(Microsoft.EntityFrameworkCore.Migrations.MigrationBuilder)
FNDA:0,System.Void ZomatoDemo.DomainModel.Migrations.Details::Up(Microsoft.EntityFrameworkCore.Migrations.MigrationBuilder)
DA:8,0
DA:9,0
DA:10,0
DA:11,0
DA:12,0
DA:14,0
DA:15,0
DA:16,0
DA:17,0
DA:19,0
DA:20,0
DA:21,0
DA:22,0
DA:24,0
DA:25,0
DA:26,0
DA:27,0
DA:29,0
DA:30,0
DA:31,0
DA:32,0
DA:34,0
DA:35,0
DA:36,0
DA:37,0
DA:39,0
DA:40,0
DA:41,0
DA:42,0
DA:43,0
DA:44,0
FN:46,System.Void ZomatoDemo.DomainModel.Migrations.Details::Down(Microsoft.EntityFrameworkCore.Migrations.MigrationBuilder)
FNDA:0,System.Void ZomatoDemo.DomainModel.Migrations.Details::Down(Microsoft.EntityFrameworkCore.Migrations.MigrationBuilder)
DA:47,0
DA:48,0
DA:49,0
DA:50,0
DA:52,0
DA:53,0
DA:54,0
DA:56,0
DA:57,0
DA:58,0
DA:60,0
DA:61,0
DA:62,0
DA:64,0
DA:65,0
DA:66,0
DA:68,0
DA:69,0
DA:70,0
DA:72,0
DA:73,0
DA:74,0
DA:75,0
LF:54
LH:0
BRF:0
BRH:0
FNF:2
FNH:0
end_of_record
SF:C:\Users\krittika\source\repos\ZomatoDemo\ZomatoDemo.DomainModel\Migrations\20191023105457_Details.Designer.cs
FN:16,System.Void ZomatoDemo.DomainModel.Migrations.Details::BuildTargetModel(Microsoft.EntityFrameworkCore.ModelBuilder)
FNDA:0,System.Void ZomatoDemo.DomainModel.Migrations.Details::BuildTargetModel(Microsoft.EntityFrameworkCore.ModelBuilder)
DA:17,0
DA:19,0
DA:20,0
DA:21,0
DA:22,0
DA:24,0
DA:25,0
DA:26,0
DA:27,0
DA:28,0
DA:29,0
DA:30,0
DA:31,0
DA:32,0
DA:33,0
DA:34,0
DA:35,0
DA:36,0
DA:37,0
DA:38,0
DA:39,0
DA:40,0
DA:41,0
DA:42,0
DA:43,0
DA:44,0
DA:45,0
DA:46,0
DA:48,0
DA:49,0
DA:50,0
DA:51,0
DA:52,0
DA:53,0
DA:54,0
DA:55,0
DA:56,0
DA:57,0
DA:58,0
DA:59,0
DA:60,0
DA:61,0
DA:62,0
DA:63,0
DA:64,0
DA:65,0
DA:66,0
DA:68,0
DA:69,0
DA:70,0
DA:71,0
DA:72,0
DA:73,0
DA:74,0
DA:75,0
DA:76,0
DA:77,0
DA:78,0
DA:79,0
DA:80,0
DA:81,0
DA:82,0
DA:83,0
DA:84,0
DA:85,0
DA:86,0
DA:88,0
DA:89,0
DA:90,0
DA:91,0
DA:92,0
DA:93,0
DA:94,0
DA:95,0
DA:96,0
DA:97,0
DA:98,0
DA:99,0
DA:100,0
DA:101,0
DA:102,0
DA:103,0
DA:104,0
DA:106,0
DA:107,0
DA:108,0
DA:109,0
DA:110,0
DA:111,0
DA:112,0
DA:113,0
DA:114,0
DA:115,0
DA:116,0
DA:117,0
DA:119,0
DA:120,0
DA:121,0
DA:122,0
DA:123,0
DA:124,0
DA:125,0
DA:126,0
DA:127,0
DA:128,0
DA:129,0
DA:130,0
DA:131,0
DA:132,0
DA:134,0
DA:135,0
DA:136,0
DA:137,0
DA:138,0
DA:139,0
DA:140,0
DA:141,0
DA:142,0
DA:143,0
DA:144,0
DA:145,0
DA:146,0
DA:147,0
DA:148,0
DA:149,0
DA:150,0
DA:151,0
DA:152,0
DA:153,0
DA:154,0
DA:155,0
DA:156,0
DA:157,0
DA:158,0
DA:159,0
DA:160,0
DA:161,0
DA:162,0
DA:163,0
DA:164,0
DA:165,0
DA:166,0
DA:167,0
DA:168,0
DA:169,0
DA:170,0
DA:171,0
DA:172,0
DA:173,0
DA:174,0
DA:175,0
DA:176,0
DA:177,0
DA:178,0
DA:179,0
DA:180,0
DA:181,0
DA:182,0
DA:183,0
DA:184,0
DA:185,0
DA:186,0
DA:187,0
DA:189,0
DA:190,0
DA:191,0
DA:192,0
DA:193,0
DA:194,0
DA:195,0
DA:196,0
DA:197,0
DA:198,0
DA:199,0
DA:200,0
DA:202,0
DA:203,0
DA:204,0
DA:205,0
DA:206,0
DA:207,0
DA:208,0
DA:209,0
DA:210,0
DA:211,0
DA:212,0
DA:213,0
DA:215,0
DA:216,0
DA:217,0
DA:218,0
DA:219,0
DA:220,0
DA:221,0
DA:222,0
DA:223,0
DA:224,0
DA:225,0
DA:226,0
DA:227,0
DA:228,0
DA:229,0
DA:230,0
DA:231,0
DA:232,0
DA:234,0
DA:235,0
DA:236,0
DA:237,0
DA:238,0
DA:239,0
DA:240,0
DA:241,0
DA:242,0
DA:243,0
DA:244,0
DA:245,0
DA:246,0
DA:247,0
DA:248,0
DA:249,0
DA:250,0
DA:251,0
DA:252,0
DA:253,0
DA:255,0
DA:256,0
DA:257,0
DA:258,0
DA:259,0
DA:260,0
DA:261,0
DA:262,0
DA:263,0
DA:264,0
DA:265,0
DA:266,0
DA:267,0
DA:268,0
DA:269,0
DA:270,0
DA:271,0
DA:272,0
DA:274,0
DA:275,0
DA:276,0
DA:277,0
DA:278,0
DA:279,0
DA:280,0
DA:281,0
DA:282,0
DA:283,0
DA:284,0
DA:285,0
DA:286,0
DA:287,0
DA:288,0
DA:289,0
DA:290,0
DA:291,0
DA:292,0
DA:293,0
DA:294,0
DA:295,0
DA:296,0
DA:297,0
DA:299,0
DA:300,0
DA:301,0
DA:302,0
DA:303,0
DA:304,0
DA:305,0
DA:306,0
DA:307,0
DA:308,0
DA:309,0
DA:310,0
DA:311,0
DA:312,0
DA:313,0
DA:314,0
DA:315,0
DA:316,0
DA:317,0
DA:318,0
DA:320,0
DA:321,0
DA:322,0
DA:323,0
DA:324,0
DA:325,0
DA:326,0
DA:327,0
DA:328,0
DA:329,0
DA:330,0
DA:331,0
DA:332,0
DA:333,0
DA:334,0
DA:335,0
DA:336,0
DA:337,0
DA:338,0
DA:339,0
DA:341,0
DA:342,0
DA:343,0
DA:344,0
DA:345,0
DA:346,0
DA:347,0
DA:348,0
DA:349,0
DA:350,0
DA:351,0
DA:352,0
DA:353,0
DA:354,0
DA:355,0
DA:356,0
DA:357,0
DA:358,0
DA:359,0
DA:360,0
DA:361,0
DA:362,0
DA:363,0
DA:364,0
DA:366,0
DA:367,0
DA:368,0
DA:369,0
DA:370,0
DA:371,0
DA:372,0
DA:373,0
DA:374,0
DA:375,0
DA:376,0
DA:377,0
DA:378,0
DA:379,0
DA:380,0
DA:381,0
DA:382,0
DA:383,0
DA:384,0
DA:385,0
DA:386,0
DA:387,0
DA:389,0
DA:390,0
DA:391,0
DA:392,0
DA:393,0
DA:394,0
DA:395,0
DA:396,0
DA:397,0
DA:398,0
DA:399,0
DA:400,0
DA:401,0
DA:402,0
DA:403,0
DA:404,0
DA:405,0
DA:406,0
DA:408,0
DA:409,0
DA:410,0
DA:411,0
DA:412,0
DA:413,0
DA:414,0
DA:416,0
DA:417,0
DA:418,0
DA:419,0
DA:420,0
DA:421,0
DA:422,0
DA:424,0
DA:425,0
DA:426,0
DA:427,0
DA:428,0
DA:429,0
DA:430,0
DA:432,0
DA:433,0
DA:434,0
DA:435,0
DA:436,0
DA:437,0
DA:438,0
DA:439,0
DA:440,0
DA:441,0
DA:442,0
DA:443,0
DA:445,0
DA:446,0
DA:447,0
DA:448,0
DA:449,0
DA:450,0
DA:451,0
DA:453,0
DA:454,0
DA:455,0
DA:456,0
DA:457,0
DA:458,0
DA:460,0
DA:461,0
DA:462,0
DA:463,0
DA:464,0
DA:465,0
DA:466,0
DA:467,0
DA:468,0
DA:469,0
DA:471,0
DA:472,0
DA:473,0
DA:474,0
DA:475,0
DA:476,0
DA:477,0
DA:478,0
DA:479,0
DA:480,0
DA:482,0
DA:483,0
DA:484,0
DA:485,0
DA:486,0
DA:487,0
DA:488,0
DA:489,0
DA:490,0
DA:491,0
DA:492,0
DA:493,0
DA:494,0
DA:495,0
DA:496,0
DA:497,0
DA:499,0
DA:500,0
DA:501,0
DA:502,0
DA:503,0
DA:504,0
DA:505,0
DA:506,0
DA:507,0
DA:508,0
DA:510,0
DA:511,0
DA:512,0
DA:513,0
DA:514,0
DA:515,0
DA:516,0
DA:517,0
DA:518,0
DA:519,0
DA:521,0
DA:522,0
DA:523,0
DA:524,0
DA:525,0
DA:526,0
DA:527,0
DA:528,0
DA:529,0
DA:530,0
DA:532,0
DA:533,0
DA:534,0
DA:535,0
DA:536,0
DA:537,0
DA:538,0
DA:539,0
DA:540,0
DA:541,0
DA:543,0
BRDA:24,66,0,0
BRDA:24,66,1,0
BRDA:48,109,0,0
BRDA:48,109,1,0
BRDA:68,152,0,0
BRDA:68,152,1,0
BRDA:88,195,0,0
BRDA:88,195,1,0
BRDA:106,238,0,0
BRDA:106,238,1,0
BRDA:119,281,0,0
BRDA:119,281,1,0
BRDA:134,324,0,0
BRDA:134,324,1,0
BRDA:189,367,0,0
BRDA:189,367,1,0
BRDA:202,410,0,0
BRDA:202,410,1,0
BRDA:215,453,0,0
BRDA:215,453,1,0
BRDA:234,496,0,0
BRDA:234,496,1,0
BRDA:255,539,0,0
BRDA:255,539,1,0
BRDA:274,582,0,0
BRDA:274,582,1,0
BRDA:299,625,0,0
BRDA:299,625,1,0
BRDA:320,668,0,0
BRDA:320,668,1,0
BRDA:341,711,0,0
BRDA:341,711,1,0
BRDA:366,754,0,0
BRDA:366,754,1,0
BRDA:389,797,0,0
BRDA:389,797,1,0
BRDA:408,840,0,0
BRDA:408,840,1,0
BRDA:416,883,0,0
BRDA:416,883,1,0
BRDA:424,926,0,0
BRDA:424,926,1,0
BRDA:432,969,0,0
BRDA:432,969,1,0
BRDA:445,1012,0,0
BRDA:445,1012,1,0
BRDA:453,1055,0,0
BRDA:453,1055,1,0
BRDA:460,1098,0,0
BRDA:460,1098,1,0
BRDA:471,1141,0,0
BRDA:471,1141,1,0
BRDA:482,1184,0,0
BRDA:482,1184,1,0
BRDA:499,1227,0,0
BRDA:499,1227,1,0
BRDA:510,1270,0,0
BRDA:510,1270,1,0
BRDA:521,1313,0,0
BRDA:521,1313,1,0
BRDA:532,1356,0,0
BRDA:532,1356,1,0
LF:494
LH:0
BRF:62
BRH:0
FNF:1
FNH:0
end_of_record
SF:C:\Users\krittika\source\repos\ZomatoDemo\ZomatoDemo.DomainModel\Migrations\20191023111725_Contact Spelling.cs
FN:7,System.Void ZomatoDemo.DomainModel.Migrations.ContactSpelling::Up(Microsoft.EntityFrameworkCore.Migrations.MigrationBuilder)
FNDA:0,System.Void ZomatoDemo.DomainModel.Migrations.ContactSpelling::Up(Microsoft.EntityFrameworkCore.Migrations.MigrationBuilder)
DA:8,0
DA:9,0
DA:10,0
DA:11,0
DA:12,0
DA:13,0
FN:15,System.Void ZomatoDemo.DomainModel.Migrations.ContactSpelling::Down(Microsoft.EntityFrameworkCore.Migrations.MigrationBuilder)
FNDA:0,System.Void ZomatoDemo.DomainModel.Migrations.ContactSpelling::Down(Microsoft.EntityFrameworkCore.Migrations.MigrationBuilder)
DA:16,0
DA:17,0
DA:18,0
DA:19,0
DA:20,0
DA:21,0
LF:12
LH:0
BRF:0
BRH:0
FNF:2
FNH:0
end_of_record
SF:C:\Users\krittika\source\repos\ZomatoDemo\ZomatoDemo.DomainModel\Migrations\20191023111725_Contact Spelling.Designer.cs
FN:16,System.Void ZomatoDemo.DomainModel.Migrations.ContactSpelling::BuildTargetModel(Microsoft.EntityFrameworkCore.ModelBuilder)
FNDA:0,System.Void ZomatoDemo.DomainModel.Migrations.ContactSpelling::BuildTargetModel(Microsoft.EntityFrameworkCore.ModelBuilder)
DA:17,0
DA:19,0
DA:20,0
DA:21,0
DA:22,0
DA:24,0
DA:25,0
DA:26,0
DA:27,0
DA:28,0
DA:29,0
DA:30,0
DA:31,0
DA:32,0
DA:33,0
DA:34,0
DA:35,0
DA:36,0
DA:37,0
DA:38,0
DA:39,0
DA:40,0
DA:41,0
DA:42,0
DA:43,0
DA:44,0
DA:45,0
DA:46,0
DA:48,0
DA:49,0
DA:50,0
DA:51,0
DA:52,0
DA:53,0
DA:54,0
DA:55,0
DA:56,0
DA:57,0
DA:58,0
DA:59,0
DA:60,0
DA:61,0
DA:62,0
DA:63,0
DA:64,0
DA:65,0
DA:66,0
DA:68,0
DA:69,0
DA:70,0
DA:71,0
DA:72,0
DA:73,0
DA:74,0
DA:75,0
DA:76,0
DA:77,0
DA:78,0
DA:79,0
DA:80,0
DA:81,0
DA:82,0
DA:83,0
DA:84,0
DA:85,0
DA:86,0
DA:88,0
DA:89,0
DA:90,0
DA:91,0
DA:92,0
DA:93,0
DA:94,0
DA:95,0
DA:96,0
DA:97,0
DA:98,0
DA:99,0
DA:100,0
DA:101,0
DA:102,0
DA:103,0
DA:104,0
DA:106,0
DA:107,0
DA:108,0
DA:109,0
DA:110,0
DA:111,0
DA:112,0
DA:113,0
DA:114,0
DA:115,0
DA:116,0
DA:117,0
DA:119,0
DA:120,0
DA:121,0
DA:122,0
DA:123,0
DA:124,0
DA:125,0
DA:126,0
DA:127,0
DA:128,0
DA:129,0
DA:130,0
DA:131,0
DA:132,0
DA:134,0
DA:135,0
DA:136,0
DA:137,0
DA:138,0
DA:139,0
DA:140,0
DA:141,0
DA:142,0
DA:143,0
DA:144,0
DA:145,0
DA:146,0
DA:147,0
DA:148,0
DA:149,0
DA:150,0
DA:151,0
DA:152,0
DA:153,0
DA:154,0
DA:155,0
DA:156,0
DA:157,0
DA:158,0
DA:159,0
DA:160,0
DA:161,0
DA:162,0
DA:163,0
DA:164,0
DA:165,0
DA:166,0
DA:167,0
DA:168,0
DA:169,0
DA:170,0
DA:171,0
DA:172,0
DA:173,0
DA:174,0
DA:175,0
DA:176,0
DA:177,0
DA:178,0
DA:179,0
DA:180,0
DA:181,0
DA:182,0
DA:183,0
DA:184,0
DA:185,0
DA:186,0
DA:187,0
DA:189,0
DA:190,0
DA:191,0
DA:192,0
DA:193,0
DA:194,0
DA:195,0
DA:196,0
DA:197,0
DA:198,0
DA:199,0
DA:200,0
DA:202,0
DA:203,0
DA:204,0
DA:205,0
DA:206,0
DA:207,0
DA:208,0
DA:209,0
DA:210,0
DA:211,0
DA:212,0
DA:213,0
DA:215,0
DA:216,0
DA:217,0
DA:218,0
DA:219,0
DA:220,0
DA:221,0
DA:222,0
DA:223,0
DA:224,0
DA:225,0
DA:226,0
DA:227,0
DA:228,0
DA:229,0
DA:230,0
DA:231,0
DA:232,0
DA:234,0
DA:235,0
DA:236,0
DA:237,0
DA:238,0
DA:239,0
DA:240,0
DA:241,0
DA:242,0
DA:243,0
DA:244,0
DA:245,0
DA:246,0
DA:247,0
DA:248,0
DA:249,0
DA:250,0
DA:251,0
DA:252,0
DA:253,0
DA:255,0
DA:256,0
DA:257,0
DA:258,0
DA:259,0
DA:260,0
DA:261,0
DA:262,0
DA:263,0
DA:264,0
DA:265,0
DA:266,0
DA:267,0
DA:268,0
DA:269,0
DA:270,0
DA:271,0
DA:272,0
DA:274,0
DA:275,0
DA:276,0
DA:277,0
DA:278,0
DA:279,0
DA:280,0
DA:281,0
DA:282,0
DA:283,0
DA:284,0
DA:285,0
DA:286,0
DA:287,0
DA:288,0
DA:289,0
DA:290,0
DA:291,0
DA:292,0
DA:293,0
DA:294,0
DA:295,0
DA:296,0
DA:297,0
DA:299,0
DA:300,0
DA:301,0
DA:302,0
DA:303,0
DA:304,0
DA:305,0
DA:306,0
DA:307,0
DA:308,0
DA:309,0
DA:310,0
DA:311,0
DA:312,0
DA:313,0
DA:314,0
DA:315,0
DA:316,0
DA:317,0
DA:318,0
DA:320,0
DA:321,0
DA:322,0
DA:323,0
DA:324,0
DA:325,0
DA:326,0
DA:327,0
DA:328,0
DA:329,0
DA:330,0
DA:331,0
DA:332,0
DA:333,0
DA:334,0
DA:335,0
DA:336,0
DA:337,0
DA:338,0
DA:339,0
DA:341,0
DA:342,0
DA:343,0
DA:344,0
DA:345,0
DA:346,0
DA:347,0
DA:348,0
DA:349,0
DA:350,0
DA:351,0
DA:352,0
DA:353,0
DA:354,0
DA:355,0
DA:356,0
DA:357,0
DA:358,0
DA:359,0
DA:360,0
DA:361,0
DA:362,0
DA:363,0
DA:364,0
DA:366,0
DA:367,0
DA:368,0
DA:369,0
DA:370,0
DA:371,0
DA:372,0
DA:373,0
DA:374,0
DA:375,0
DA:376,0
DA:377,0
DA:378,0
DA:379,0
DA:380,0
DA:381,0
DA:382,0
DA:383,0
DA:384,0
DA:385,0
DA:386,0
DA:387,0
DA:389,0
DA:390,0
DA:391,0
DA:392,0
DA:393,0
DA:394,0
DA:395,0
DA:396,0
DA:397,0
DA:398,0
DA:399,0
DA:400,0
DA:401,0
DA:402,0
DA:403,0
DA:404,0
DA:405,0
DA:406,0
DA:408,0
DA:409,0
DA:410,0
DA:411,0
DA:412,0
DA:413,0
DA:414,0
DA:416,0
DA:417,0
DA:418,0
DA:419,0
DA:420,0
DA:421,0
DA:422,0
DA:424,0
DA:425,0
DA:426,0
DA:427,0
DA:428,0
DA:429,0
DA:430,0
DA:432,0
DA:433,0
DA:434,0
DA:435,0
DA:436,0
DA:437,0
DA:438,0
DA:439,0
DA:440,0
DA:441,0
DA:442,0
DA:443,0
DA:445,0
DA:446,0
DA:447,0
DA:448,0
DA:449,0
DA:450,0
DA:451,0
DA:453,0
DA:454,0
DA:455,0
DA:456,0
DA:457,0
DA:458,0
DA:460,0
DA:461,0
DA:462,0
DA:463,0
DA:464,0
DA:465,0
DA:466,0
DA:467,0
DA:468,0
DA:469,0
DA:471,0
DA:472,0
DA:473,0
DA:474,0
DA:475,0
DA:476,0
DA:477,0
DA:478,0
DA:479,0
DA:480,0
DA:482,0
DA:483,0
DA:484,0
DA:485,0
DA:486,0
DA:487,0
DA:488,0
DA:489,0
DA:490,0
DA:491,0
DA:492,0
DA:493,0
DA:494,0
DA:495,0
DA:496,0
DA:497,0
DA:499,0
DA:500,0
DA:501,0
DA:502,0
DA:503,0
DA:504,0
DA:505,0
DA:506,0
DA:507,0
DA:508,0
DA:510,0
DA:511,0
DA:512,0
DA:513,0
DA:514,0
DA:515,0
DA:516,0
DA:517,0
DA:518,0
DA:519,0
DA:521,0
DA:522,0
DA:523,0
DA:524,0
DA:525,0
DA:526,0
DA:527,0
DA:528,0
DA:529,0
DA:530,0
DA:532,0
DA:533,0
DA:534,0
DA:535,0
DA:536,0
DA:537,0
DA:538,0
DA:539,0
DA:540,0
DA:541,0
DA:543,0
BRDA:24,66,0,0
BRDA:24,66,1,0
BRDA:48,109,0,0
BRDA:48,109,1,0
BRDA:68,152,0,0
BRDA:68,152,1,0
BRDA:88,195,0,0
BRDA:88,195,1,0
BRDA:106,238,0,0
BRDA:106,238,1,0
BRDA:119,281,0,0
BRDA:119,281,1,0
BRDA:134,324,0,0
BRDA:134,324,1,0
BRDA:189,367,0,0
BRDA:189,367,1,0
BRDA:202,410,0,0
BRDA:202,410,1,0
BRDA:215,453,0,0
BRDA:215,453,1,0
BRDA:234,496,0,0
BRDA:234,496,1,0
BRDA:255,539,0,0
BRDA:255,539,1,0
BRDA:274,582,0,0
BRDA:274,582,1,0
BRDA:299,625,0,0
BRDA:299,625,1,0
BRDA:320,668,0,0
BRDA:320,668,1,0
BRDA:341,711,0,0
BRDA:341,711,1,0
BRDA:366,754,0,0
BRDA:366,754,1,0
BRDA:389,797,0,0
BRDA:389,797,1,0
BRDA:408,840,0,0
BRDA:408,840,1,0
BRDA:416,883,0,0
BRDA:416,883,1,0
BRDA:424,926,0,0
BRDA:424,926,1,0
BRDA:432,969,0,0
BRDA:432,969,1,0
BRDA:445,1012,0,0
BRDA:445,1012,1,0
BRDA:453,1055,0,0
BRDA:453,1055,1,0
BRDA:460,1098,0,0
BRDA:460,1098,1,0
BRDA:471,1141,0,0
BRDA:471,1141,1,0
BRDA:482,1184,0,0
BRDA:482,1184,1,0
BRDA:499,1227,0,0
BRDA:499,1227,1,0
BRDA:510,1270,0,0
BRDA:510,1270,1,0
BRDA:521,1313,0,0
BRDA:521,1313,1,0
BRDA:532,1356,0,0
BRDA:532,1356,1,0
LF:494
LH:0
BRF:62
BRH:0
FNF:1
FNH:0
end_of_record
SF:C:\Users\krittika\source\repos\ZomatoDemo\ZomatoDemo.DomainModel\Migrations\20191030092059_CascadeDelete.cs
FN:7,System.Void ZomatoDemo.DomainModel.Migrations.CascadeDelete::Up(Microsoft.EntityFrameworkCore.Migrations.MigrationBuilder)
FNDA:0,System.Void ZomatoDemo.DomainModel.Migrations.CascadeDelete::Up(Microsoft.EntityFrameworkCore.Migrations.MigrationBuilder)
DA:8,0
DA:9,0
DA:10,0
DA:11,0
DA:12,0
DA:13,0
DA:14,0
DA:15,0
DA:16,0
DA:18,0
DA:19,0
DA:20,0
DA:21,0
DA:22,0
DA:23,0
DA:24,0
DA:25,0
DA:27,0
FN:29,System.Void ZomatoDemo.DomainModel.Migrations.CascadeDelete::Down(Microsoft.EntityFrameworkCore.Migrations.MigrationBuilder)
FNDA:0,System.Void ZomatoDemo.DomainModel.Migrations.CascadeDelete::Down(Microsoft.EntityFrameworkCore.Migrations.MigrationBuilder)
DA:30,0
DA:32,0
LF:20
LH:0
BRF:0
BRH:0
FNF:2
FNH:0
end_of_record
SF:C:\Users\krittika\source\repos\ZomatoDemo\ZomatoDemo.DomainModel\Migrations\20191030092059_CascadeDelete.Designer.cs
FN:16,System.Void ZomatoDemo.DomainModel.Migrations.CascadeDelete::BuildTargetModel(Microsoft.EntityFrameworkCore.ModelBuilder)
FNDA:0,System.Void ZomatoDemo.DomainModel.Migrations.CascadeDelete::BuildTargetModel(Microsoft.EntityFrameworkCore.ModelBuilder)
DA:17,0
DA:19,0
DA:20,0
DA:21,0
DA:22,0
DA:24,0
DA:25,0
DA:26,0
DA:27,0
DA:28,0
DA:29,0
DA:30,0
DA:31,0
DA:32,0
DA:33,0
DA:34,0
DA:35,0
DA:36,0
DA:37,0
DA:38,0
DA:39,0
DA:40,0
DA:41,0
DA:42,0
DA:43,0
DA:44,0
DA:45,0
DA:46,0
DA:48,0
DA:49,0
DA:50,0
DA:51,0
DA:52,0
DA:53,0
DA:54,0
DA:55,0
DA:56,0
DA:57,0
DA:58,0
DA:59,0
DA:60,0
DA:61,0
DA:62,0
DA:63,0
DA:64,0
DA:65,0
DA:66,0
DA:68,0
DA:69,0
DA:70,0
DA:71,0
DA:72,0
DA:73,0
DA:74,0
DA:75,0
DA:76,0
DA:77,0
DA:78,0
DA:79,0
DA:80,0
DA:81,0
DA:82,0
DA:83,0
DA:84,0
DA:85,0
DA:86,0
DA:88,0
DA:89,0
DA:90,0
DA:91,0
DA:92,0
DA:93,0
DA:94,0
DA:95,0
DA:96,0
DA:97,0
DA:98,0
DA:99,0
DA:100,0
DA:101,0
DA:102,0
DA:103,0
DA:104,0
DA:106,0
DA:107,0
DA:108,0
DA:109,0
DA:110,0
DA:111,0
DA:112,0
DA:113,0
DA:114,0
DA:115,0
DA:116,0
DA:117,0
DA:119,0
DA:120,0
DA:121,0
DA:122,0
DA:123,0
DA:124,0
DA:125,0
DA:126,0
DA:127,0
DA:128,0
DA:129,0
DA:130,0
DA:131,0
DA:132,0
DA:134,0
DA:135,0
DA:136,0
DA:137,0
DA:138,0
DA:139,0
DA:140,0
DA:141,0
DA:142,0
DA:143,0
DA:144,0
DA:145,0
DA:146,0
DA:147,0
DA:148,0
DA:149,0
DA:150,0
DA:151,0
DA:152,0
DA:153,0
DA:154,0
DA:155,0
DA:156,0
DA:157,0
DA:158,0
DA:159,0
DA:160,0
DA:161,0
DA:162,0
DA:163,0
DA:164,0
DA:165,0
DA:166,0
DA:167,0
DA:168,0
DA:169,0
DA:170,0
DA:171,0
DA:172,0
DA:173,0
DA:174,0
DA:175,0
DA:176,0
DA:177,0
DA:178,0
DA:179,0
DA:180,0
DA:181,0
DA:182,0
DA:183,0
DA:184,0
DA:185,0
DA:186,0
DA:187,0
DA:189,0
DA:190,0
DA:191,0
DA:192,0
DA:193,0
DA:194,0
DA:195,0
DA:196,0
DA:197,0
DA:198,0
DA:199,0
DA:200,0
DA:202,0
DA:203,0
DA:204,0
DA:205,0
DA:206,0
DA:207,0
DA:208,0
DA:209,0
DA:210,0
DA:211,0
DA:212,0
DA:213,0
DA:215,0
DA:216,0
DA:217,0
DA:218,0
DA:219,0
DA:220,0
DA:221,0
DA:222,0
DA:223,0
DA:224,0
DA:225,0
DA:226,0
DA:227,0
DA:228,0
DA:229,0
DA:230,0
DA:231,0
DA:232,0
DA:234,0
DA:235,0
DA:236,0
DA:237,0
DA:238,0
DA:239,0
DA:240,0
DA:241,0
DA:242,0
DA:243,0
DA:244,0
DA:245,0
DA:246,0
DA:247,0
DA:248,0
DA:249,0
DA:250,0
DA:251,0
DA:252,0
DA:253,0
DA:255,0
DA:256,0
DA:257,0
DA:258,0
DA:259,0
DA:260,0
DA:261,0
DA:262,0
DA:263,0
DA:264,0
DA:265,0
DA:266,0
DA:267,0
DA:268,0
DA:269,0
DA:270,0
DA:271,0
DA:272,0
DA:274,0
DA:275,0
DA:276,0
DA:277,0
DA:278,0
DA:279,0
DA:280,0
DA:281,0
DA:282,0
DA:283,0
DA:284,0
DA:285,0
DA:286,0
DA:287,0
DA:288,0
DA:289,0
DA:290,0
DA:291,0
DA:292,0
DA:293,0
DA:294,0
DA:295,0
DA:296,0
DA:297,0
DA:299,0
DA:300,0
DA:301,0
DA:302,0
DA:303,0
DA:304,0
DA:305,0
DA:306,0
DA:307,0
DA:308,0
DA:309,0
DA:310,0
DA:311,0
DA:312,0
DA:313,0
DA:314,0
DA:315,0
DA:316,0
DA:317,0
DA:318,0
DA:320,0
DA:321,0
DA:322,0
DA:323,0
DA:324,0
DA:325,0
DA:326,0
DA:327,0
DA:328,0
DA:329,0
DA:330,0
DA:331,0
DA:332,0
DA:333,0
DA:334,0
DA:335,0
DA:336,0
DA:337,0
DA:338,0
DA:339,0
DA:341,0
DA:342,0
DA:343,0
DA:344,0
DA:345,0
DA:346,0
DA:347,0
DA:348,0
DA:349,0
DA:350,0
DA:351,0
DA:352,0
DA:353,0
DA:354,0
DA:355,0
DA:356,0
DA:357,0
DA:358,0
DA:359,0
DA:360,0
DA:361,0
DA:362,0
DA:363,0
DA:364,0
DA:366,0
DA:367,0
DA:368,0
DA:369,0
DA:370,0
DA:371,0
DA:372,0
DA:373,0
DA:374,0
DA:375,0
DA:376,0
DA:377,0
DA:378,0
DA:379,0
DA:380,0
DA:381,0
DA:382,0
DA:383,0
DA:384,0
DA:385,0
DA:386,0
DA:387,0
DA:389,0
DA:390,0
DA:391,0
DA:392,0
DA:393,0
DA:394,0
DA:395,0
DA:396,0
DA:397,0
DA:398,0
DA:399,0
DA:400,0
DA:401,0
DA:402,0
DA:403,0
DA:404,0
DA:405,0
DA:406,0
DA:408,0
DA:409,0
DA:410,0
DA:411,0
DA:412,0
DA:413,0
DA:414,0
DA:416,0
DA:417,0
DA:418,0
DA:419,0
DA:420,0
DA:421,0
DA:422,0
DA:424,0
DA:425,0
DA:426,0
DA:427,0
DA:428,0
DA:429,0
DA:430,0
DA:432,0
DA:433,0
DA:434,0
DA:435,0
DA:436,0
DA:437,0
DA:438,0
DA:439,0
DA:440,0
DA:441,0
DA:442,0
DA:443,0
DA:445,0
DA:446,0
DA:447,0
DA:448,0
DA:449,0
DA:450,0
DA:451,0
DA:453,0
DA:454,0
DA:455,0
DA:456,0
DA:457,0
DA:458,0
DA:460,0
DA:461,0
DA:462,0
DA:463,0
DA:464,0
DA:465,0
DA:466,0
DA:467,0
DA:468,0
DA:469,0
DA:471,0
DA:472,0
DA:473,0
DA:474,0
DA:475,0
DA:476,0
DA:477,0
DA:478,0
DA:479,0
DA:480,0
DA:482,0
DA:483,0
DA:484,0
DA:485,0
DA:486,0
DA:487,0
DA:488,0
DA:489,0
DA:490,0
DA:491,0
DA:492,0
DA:493,0
DA:494,0
DA:495,0
DA:496,0
DA:497,0
DA:499,0
DA:500,0
DA:501,0
DA:502,0
DA:503,0
DA:504,0
DA:505,0
DA:506,0
DA:507,0
DA:508,0
DA:510,0
DA:511,0
DA:512,0
DA:513,0
DA:514,0
DA:515,0
DA:516,0
DA:517,0
DA:518,0
DA:519,0
DA:521,0
DA:522,0
DA:523,0
DA:524,0
DA:525,0
DA:526,0
DA:527,0
DA:528,0
DA:529,0
DA:530,0
DA:532,0
DA:533,0
DA:534,0
DA:535,0
DA:536,0
DA:537,0
DA:538,0
DA:539,0
DA:540,0
DA:541,0
DA:543,0
BRDA:24,66,0,0
BRDA:24,66,1,0
BRDA:48,109,0,0
BRDA:48,109,1,0
BRDA:68,152,0,0
BRDA:68,152,1,0
BRDA:88,195,0,0
BRDA:88,195,1,0
BRDA:106,238,0,0
BRDA:106,238,1,0
BRDA:119,281,0,0
BRDA:119,281,1,0
BRDA:134,324,0,0
BRDA:134,324,1,0
BRDA:189,367,0,0
BRDA:189,367,1,0
BRDA:202,410,0,0
BRDA:202,410,1,0
BRDA:215,453,0,0
BRDA:215,453,1,0
BRDA:234,496,0,0
BRDA:234,496,1,0
BRDA:255,539,0,0
BRDA:255,539,1,0
BRDA:274,582,0,0
BRDA:274,582,1,0
BRDA:299,625,0,0
BRDA:299,625,1,0
BRDA:320,668,0,0
BRDA:320,668,1,0
BRDA:341,711,0,0
BRDA:341,711,1,0
BRDA:366,754,0,0
BRDA:366,754,1,0
BRDA:389,797,0,0
BRDA:389,797,1,0
BRDA:408,840,0,0
BRDA:408,840,1,0
BRDA:416,883,0,0
BRDA:416,883,1,0
BRDA:424,926,0,0
BRDA:424,926,1,0
BRDA:432,969,0,0
BRDA:432,969,1,0
BRDA:445,1012,0,0
BRDA:445,1012,1,0
BRDA:453,1055,0,0
BRDA:453,1055,1,0
BRDA:460,1098,0,0
BRDA:460,1098,1,0
BRDA:471,1141,0,0
BRDA:471,1141,1,0
BRDA:482,1184,0,0
BRDA:482,1184,1,0
BRDA:499,1227,0,0
BRDA:499,1227,1,0
BRDA:510,1270,0,0
BRDA:510,1270,1,0
BRDA:521,1313,0,0
BRDA:521,1313,1,0
BRDA:532,1356,0,0
BRDA:532,1356,1,0
LF:494
LH:0
BRF:62
BRH:0
FNF:1
FNH:0
end_of_record
SF:C:\Users\krittika\source\repos\ZomatoDemo\ZomatoDemo.DomainModel\Migrations\20191111100748_Comments Model.cs
FN:7,System.Void ZomatoDemo.DomainModel.Migrations.CommentsModel::Up(Microsoft.EntityFrameworkCore.Migrations.MigrationBuilder)
FNDA:0,System.Void ZomatoDemo.DomainModel.Migrations.CommentsModel::Up(Microsoft.EntityFrameworkCore.Migrations.MigrationBuilder)
DA:8,0
DA:9,0
DA:10,0
DA:11,0
DA:12,0
FN:14,System.Void ZomatoDemo.DomainModel.Migrations.CommentsModel::Down(Microsoft.EntityFrameworkCore.Migrations.MigrationBuilder)
FNDA:0,System.Void ZomatoDemo.DomainModel.Migrations.CommentsModel::Down(Microsoft.EntityFrameworkCore.Migrations.MigrationBuilder)
DA:15,0
DA:16,0
DA:17,0
DA:18,0
DA:19,0
DA:20,0
LF:11
LH:0
BRF:0
BRH:0
FNF:2
FNH:0
end_of_record
SF:C:\Users\krittika\source\repos\ZomatoDemo\ZomatoDemo.DomainModel\Migrations\20191111100748_Comments Model.Designer.cs
FN:16,System.Void ZomatoDemo.DomainModel.Migrations.CommentsModel::BuildTargetModel(Microsoft.EntityFrameworkCore.ModelBuilder)
FNDA:0,System.Void ZomatoDemo.DomainModel.Migrations.CommentsModel::BuildTargetModel(Microsoft.EntityFrameworkCore.ModelBuilder)
DA:17,0
DA:19,0
DA:20,0
DA:21,0
DA:22,0
DA:24,0
DA:25,0
DA:26,0
DA:27,0
DA:28,0
DA:29,0
DA:30,0
DA:31,0
DA:32,0
DA:33,0
DA:34,0
DA:35,0
DA:36,0
DA:37,0
DA:38,0
DA:39,0
DA:40,0
DA:41,0
DA:42,0
DA:43,0
DA:44,0
DA:45,0
DA:46,0
DA:48,0
DA:49,0
DA:50,0
DA:51,0
DA:52,0
DA:53,0
DA:54,0
DA:55,0
DA:56,0
DA:57,0
DA:58,0
DA:59,0
DA:60,0
DA:61,0
DA:62,0
DA:63,0
DA:64,0
DA:65,0
DA:66,0
DA:68,0
DA:69,0
DA:70,0
DA:71,0
DA:72,0
DA:73,0
DA:74,0
DA:75,0
DA:76,0
DA:77,0
DA:78,0
DA:79,0
DA:80,0
DA:81,0
DA:82,0
DA:83,0
DA:84,0
DA:85,0
DA:86,0
DA:88,0
DA:89,0
DA:90,0
DA:91,0
DA:92,0
DA:93,0
DA:94,0
DA:95,0
DA:96,0
DA:97,0
DA:98,0
DA:99,0
DA:100,0
DA:101,0
DA:102,0
DA:103,0
DA:104,0
DA:106,0
DA:107,0
DA:108,0
DA:109,0
DA:110,0
DA:111,0
DA:112,0
DA:113,0
DA:114,0
DA:115,0
DA:116,0
DA:117,0
DA:119,0
DA:120,0
DA:121,0
DA:122,0
DA:123,0
DA:124,0
DA:125,0
DA:126,0
DA:127,0
DA:128,0
DA:129,0
DA:130,0
DA:131,0
DA:132,0
DA:134,0
DA:135,0
DA:136,0
DA:137,0
DA:138,0
DA:139,0
DA:140,0
DA:141,0
DA:142,0
DA:143,0
DA:144,0
DA:145,0
DA:146,0
DA:147,0
DA:148,0
DA:149,0
DA:150,0
DA:151,0
DA:152,0
DA:153,0
DA:154,0
DA:155,0
DA:156,0
DA:157,0
DA:158,0
DA:159,0
DA:160,0
DA:161,0
DA:162,0
DA:163,0
DA:164,0
DA:165,0
DA:166,0
DA:167,0
DA:168,0
DA:169,0
DA:170,0
DA:171,0
DA:172,0
DA:173,0
DA:174,0
DA:175,0
DA:176,0
DA:177,0
DA:178,0
DA:179,0
DA:180,0
DA:181,0
DA:182,0
DA:183,0
DA:184,0
DA:185,0
DA:187,0
DA:188,0
DA:189,0
DA:190,0
DA:191,0
DA:192,0
DA:193,0
DA:194,0
DA:195,0
DA:196,0
DA:197,0
DA:198,0
DA:200,0
DA:201,0
DA:202,0
DA:203,0
DA:204,0
DA:205,0
DA:206,0
DA:207,0
DA:208,0
DA:209,0
DA:210,0
DA:211,0
DA:213,0
DA:214,0
DA:215,0
DA:216,0
DA:217,0
DA:218,0
DA:219,0
DA:220,0
DA:221,0
DA:222,0
DA:223,0
DA:224,0
DA:225,0
DA:226,0
DA:227,0
DA:228,0
DA:229,0
DA:230,0
DA:232,0
DA:233,0
DA:234,0
DA:235,0
DA:236,0
DA:237,0
DA:238,0
DA:239,0
DA:240,0
DA:241,0
DA:242,0
DA:243,0
DA:244,0
DA:245,0
DA:246,0
DA:247,0
DA:248,0
DA:249,0
DA:250,0
DA:251,0
DA:253,0
DA:254,0
DA:255,0
DA:256,0
DA:257,0
DA:258,0
DA:259,0
DA:260,0
DA:261,0
DA:262,0
DA:263,0
DA:264,0
DA:265,0
DA:266,0
DA:267,0
DA:268,0
DA:269,0
DA:270,0
DA:272,0
DA:273,0
DA:274,0
DA:275,0
DA:276,0
DA:277,0
DA:278,0
DA:279,0
DA:280,0
DA:281,0
DA:282,0
DA:283,0
DA:284,0
DA:285,0
DA:286,0
DA:287,0
DA:288,0
DA:289,0
DA:290,0
DA:291,0
DA:292,0
DA:293,0
DA:294,0
DA:295,0
DA:297,0
DA:298,0
DA:299,0
DA:300,0
DA:301,0
DA:302,0
DA:303,0
DA:304,0
DA:305,0
DA:306,0
DA:307,0
DA:308,0
DA:309,0
DA:310,0
DA:311,0
DA:312,0
DA:313,0
DA:314,0
DA:315,0
DA:316,0
DA:318,0
DA:319,0
DA:320,0
DA:321,0
DA:322,0
DA:323,0
DA:324,0
DA:325,0
DA:326,0
DA:327,0
DA:328,0
DA:329,0
DA:330,0
DA:331,0
DA:332,0
DA:333,0
DA:334,0
DA:335,0
DA:336,0
DA:337,0
DA:339,0
DA:340,0
DA:341,0
DA:342,0
DA:343,0
DA:344,0
DA:345,0
DA:346,0
DA:347,0
DA:348,0
DA:349,0
DA:350,0
DA:351,0
DA:352,0
DA:353,0
DA:354,0
DA:355,0
DA:356,0
DA:357,0
DA:358,0
DA:359,0
DA:360,0
DA:361,0
DA:362,0
DA:364,0
DA:365,0
DA:366,0
DA:367,0
DA:368,0
DA:369,0
DA:370,0
DA:371,0
DA:372,0
DA:373,0
DA:374,0
DA:375,0
DA:376,0
DA:377,0
DA:378,0
DA:379,0
DA:380,0
DA:381,0
DA:382,0
DA:383,0
DA:384,0
DA:385,0
DA:387,0
DA:388,0
DA:389,0
DA:390,0
DA:391,0
DA:392,0
DA:393,0
DA:394,0
DA:395,0
DA:396,0
DA:397,0
DA:398,0
DA:399,0
DA:400,0
DA:401,0
DA:402,0
DA:403,0
DA:404,0
DA:406,0
DA:407,0
DA:408,0
DA:409,0
DA:410,0
DA:411,0
DA:412,0
DA:414,0
DA:415,0
DA:416,0
DA:417,0
DA:418,0
DA:419,0
DA:420,0
DA:422,0
DA:423,0
DA:424,0
DA:425,0
DA:426,0
DA:427,0
DA:428,0
DA:430,0
DA:431,0
DA:432,0
DA:433,0
DA:434,0
DA:435,0
DA:436,0
DA:437,0
DA:438,0
DA:439,0
DA:440,0
DA:441,0
DA:443,0
DA:444,0
DA:445,0
DA:446,0
DA:447,0
DA:448,0
DA:449,0
DA:451,0
DA:452,0
DA:453,0
DA:454,0
DA:455,0
DA:456,0
DA:458,0
DA:459,0
DA:460,0
DA:461,0
DA:462,0
DA:463,0
DA:464,0
DA:465,0
DA:466,0
DA:467,0
DA:469,0
DA:470,0
DA:471,0
DA:472,0
DA:473,0
DA:474,0
DA:475,0
DA:476,0
DA:477,0
DA:478,0
DA:480,0
DA:481,0
DA:482,0
DA:483,0
DA:484,0
DA:485,0
DA:486,0
DA:487,0
DA:488,0
DA:489,0
DA:490,0
DA:491,0
DA:492,0
DA:493,0
DA:494,0
DA:495,0
DA:497,0
DA:498,0
DA:499,0
DA:500,0
DA:501,0
DA:502,0
DA:503,0
DA:504,0
DA:505,0
DA:506,0
DA:508,0
DA:509,0
DA:510,0
DA:511,0
DA:512,0
DA:513,0
DA:514,0
DA:515,0
DA:516,0
DA:517,0
DA:519,0
DA:520,0
DA:521,0
DA:522,0
DA:523,0
DA:524,0
DA:525,0
DA:526,0
DA:527,0
DA:528,0
DA:530,0
DA:531,0
DA:532,0
DA:533,0
DA:534,0
DA:535,0
DA:536,0
DA:537,0
DA:538,0
DA:539,0
DA:541,0
BRDA:24,66,0,0
BRDA:24,66,1,0
BRDA:48,109,0,0
BRDA:48,109,1,0
BRDA:68,152,0,0
BRDA:68,152,1,0
BRDA:88,195,0,0
BRDA:88,195,1,0
BRDA:106,238,0,0
BRDA:106,238,1,0
BRDA:119,281,0,0
BRDA:119,281,1,0
BRDA:134,324,0,0
BRDA:134,324,1,0
BRDA:187,367,0,0
BRDA:187,367,1,0
BRDA:200,410,0,0
BRDA:200,410,1,0
BRDA:213,453,0,0
BRDA:213,453,1,0
BRDA:232,496,0,0
BRDA:232,496,1,0
BRDA:253,539,0,0
BRDA:253,539,1,0
BRDA:272,582,0,0
BRDA:272,582,1,0
BRDA:297,625,0,0
BRDA:297,625,1,0
BRDA:318,668,0,0
BRDA:318,668,1,0
BRDA:339,711,0,0
BRDA:339,711,1,0
BRDA:364,754,0,0
BRDA:364,754,1,0
BRDA:387,797,0,0
BRDA:387,797,1,0
BRDA:406,840,0,0
BRDA:406,840,1,0
BRDA:414,883,0,0
BRDA:414,883,1,0
BRDA:422,926,0,0
BRDA:422,926,1,0
BRDA:430,969,0,0
BRDA:430,969,1,0
BRDA:443,1012,0,0
BRDA:443,1012,1,0
BRDA:451,1055,0,0
BRDA:451,1055,1,0
BRDA:458,1098,0,0
BRDA:458,1098,1,0
BRDA:469,1141,0,0
BRDA:469,1141,1,0
BRDA:480,1184,0,0
BRDA:480,1184,1,0
BRDA:497,1227,0,0
BRDA:497,1227,1,0
BRDA:508,1270,0,0
BRDA:508,1270,1,0
BRDA:519,1313,0,0
BRDA:519,1313,1,0
BRDA:530,1356,0,0
BRDA:530,1356,1,0
LF:492
LH:0
BRF:62
BRH:0
FNF:1
FNH:0
end_of_record
SF:C:\Users\krittika\source\repos\ZomatoDemo\ZomatoDemo.DomainModel\Migrations\20191111112143_Comments.cs
FN:7,System.Void ZomatoDemo.DomainModel.Migrations.Comments::Up(Microsoft.EntityFrameworkCore.Migrations.MigrationBuilder)
FNDA:0,System.Void ZomatoDemo.DomainModel.Migrations.Comments::Up(Microsoft.EntityFrameworkCore.Migrations.MigrationBuilder)
DA:8,0
DA:10,0
FN:12,System.Void ZomatoDemo.DomainModel.Migrations.Comments::Down(Microsoft.EntityFrameworkCore.Migrations.MigrationBuilder)
FNDA:0,System.Void ZomatoDemo.DomainModel.Migrations.Comments::Down(Microsoft.EntityFrameworkCore.Migrations.MigrationBuilder)
DA:13,0
DA:15,0
LF:4
LH:0
BRF:0
BRH:0
FNF:2
FNH:0
end_of_record
SF:C:\Users\krittika\source\repos\ZomatoDemo\ZomatoDemo.DomainModel\Migrations\20191111112143_Comments.Designer.cs
FN:16,System.Void ZomatoDemo.DomainModel.Migrations.Comments::BuildTargetModel(Microsoft.EntityFrameworkCore.ModelBuilder)
FNDA:0,System.Void ZomatoDemo.DomainModel.Migrations.Comments::BuildTargetModel(Microsoft.EntityFrameworkCore.ModelBuilder)
DA:17,0
DA:19,0
DA:20,0
DA:21,0
DA:22,0
DA:24,0
DA:25,0
DA:26,0
DA:27,0
DA:28,0
DA:29,0
DA:30,0
DA:31,0
DA:32,0
DA:33,0
DA:34,0
DA:35,0
DA:36,0
DA:37,0
DA:38,0
DA:39,0
DA:40,0
DA:41,0
DA:42,0
DA:43,0
DA:44,0
DA:45,0
DA:46,0
DA:48,0
DA:49,0
DA:50,0
DA:51,0
DA:52,0
DA:53,0
DA:54,0
DA:55,0
DA:56,0
DA:57,0
DA:58,0
DA:59,0
DA:60,0
DA:61,0
DA:62,0
DA:63,0
DA:64,0
DA:65,0
DA:66,0
DA:68,0
DA:69,0
DA:70,0
DA:71,0
DA:72,0
DA:73,0
DA:74,0
DA:75,0
DA:76,0
DA:77,0
DA:78,0
DA:79,0
DA:80,0
DA:81,0
DA:82,0
DA:83,0
DA:84,0
DA:85,0
DA:86,0
DA:88,0
DA:89,0
DA:90,0
DA:91,0
DA:92,0
DA:93,0
DA:94,0
DA:95,0
DA:96,0
DA:97,0
DA:98,0
DA:99,0
DA:100,0
DA:101,0
DA:102,0
DA:103,0
DA:104,0
DA:106,0
DA:107,0
DA:108,0
DA:109,0
DA:110,0
DA:111,0
DA:112,0
DA:113,0
DA:114,0
DA:115,0
DA:116,0
DA:117,0
DA:119,0
DA:120,0
DA:121,0
DA:122,0
DA:123,0
DA:124,0
DA:125,0
DA:126,0
DA:127,0
DA:128,0
DA:129,0
DA:130,0
DA:131,0
DA:132,0
DA:134,0
DA:135,0
DA:136,0
DA:137,0
DA:138,0
DA:139,0
DA:140,0
DA:141,0
DA:142,0
DA:143,0
DA:144,0
DA:145,0
DA:146,0
DA:147,0
DA:148,0
DA:149,0
DA:150,0
DA:151,0
DA:152,0
DA:153,0
DA:154,0
DA:155,0
DA:156,0
DA:157,0
DA:158,0
DA:159,0
DA:160,0
DA:161,0
DA:162,0
DA:163,0
DA:164,0
DA:165,0
DA:166,0
DA:167,0
DA:168,0
DA:169,0
DA:170,0
DA:171,0
DA:172,0
DA:173,0
DA:174,0
DA:175,0
DA:176,0
DA:177,0
DA:178,0
DA:179,0
DA:180,0
DA:181,0
DA:182,0
DA:183,0
DA:184,0
DA:185,0
DA:187,0
DA:188,0
DA:189,0
DA:190,0
DA:191,0
DA:192,0
DA:193,0
DA:194,0
DA:195,0
DA:196,0
DA:197,0
DA:198,0
DA:200,0
DA:201,0
DA:202,0
DA:203,0
DA:204,0
DA:205,0
DA:206,0
DA:207,0
DA:208,0
DA:209,0
DA:210,0
DA:211,0
DA:213,0
DA:214,0
DA:215,0
DA:216,0
DA:217,0
DA:218,0
DA:219,0
DA:220,0
DA:221,0
DA:222,0
DA:223,0
DA:224,0
DA:225,0
DA:226,0
DA:227,0
DA:228,0
DA:229,0
DA:230,0
DA:232,0
DA:233,0
DA:234,0
DA:235,0
DA:236,0
DA:237,0
DA:238,0
DA:239,0
DA:240,0
DA:241,0
DA:242,0
DA:243,0
DA:244,0
DA:245,0
DA:246,0
DA:247,0
DA:248,0
DA:249,0
DA:250,0
DA:251,0
DA:253,0
DA:254,0
DA:255,0
DA:256,0
DA:257,0
DA:258,0
DA:259,0
DA:260,0
DA:261,0
DA:262,0
DA:263,0
DA:264,0
DA:265,0
DA:266,0
DA:267,0
DA:268,0
DA:269,0
DA:270,0
DA:272,0
DA:273,0
DA:274,0
DA:275,0
DA:276,0
DA:277,0
DA:278,0
DA:279,0
DA:280,0
DA:281,0
DA:282,0
DA:283,0
DA:284,0
DA:285,0
DA:286,0
DA:287,0
DA:288,0
DA:289,0
DA:290,0
DA:291,0
DA:292,0
DA:293,0
DA:294,0
DA:295,0
DA:297,0
DA:298,0
DA:299,0
DA:300,0
DA:301,0
DA:302,0
DA:303,0
DA:304,0
DA:305,0
DA:306,0
DA:307,0
DA:308,0
DA:309,0
DA:310,0
DA:311,0
DA:312,0
DA:313,0
DA:314,0
DA:315,0
DA:316,0
DA:318,0
DA:319,0
DA:320,0
DA:321,0
DA:322,0
DA:323,0
DA:324,0
DA:325,0
DA:326,0
DA:327,0
DA:328,0
DA:329,0
DA:330,0
DA:331,0
DA:332,0
DA:333,0
DA:334,0
DA:335,0
DA:336,0
DA:337,0
DA:339,0
DA:340,0
DA:341,0
DA:342,0
DA:343,0
DA:344,0
DA:345,0
DA:346,0
DA:347,0
DA:348,0
DA:349,0
DA:350,0
DA:351,0
DA:352,0
DA:353,0
DA:354,0
DA:355,0
DA:356,0
DA:357,0
DA:358,0
DA:359,0
DA:360,0
DA:361,0
DA:362,0
DA:364,0
DA:365,0
DA:366,0
DA:367,0
DA:368,0
DA:369,0
DA:370,0
DA:371,0
DA:372,0
DA:373,0
DA:374,0
DA:375,0
DA:376,0
DA:377,0
DA:378,0
DA:379,0
DA:380,0
DA:381,0
DA:382,0
DA:383,0
DA:384,0
DA:385,0
DA:387,0
DA:388,0
DA:389,0
DA:390,0
DA:391,0
DA:392,0
DA:393,0
DA:394,0
DA:395,0
DA:396,0
DA:397,0
DA:398,0
DA:399,0
DA:400,0
DA:401,0
DA:402,0
DA:403,0
DA:404,0
DA:406,0
DA:407,0
DA:408,0
DA:409,0
DA:410,0
DA:411,0
DA:412,0
DA:414,0
DA:415,0
DA:416,0
DA:417,0
DA:418,0
DA:419,0
DA:420,0
DA:422,0
DA:423,0
DA:424,0
DA:425,0
DA:426,0
DA:427,0
DA:428,0
DA:430,0
DA:431,0
DA:432,0
DA:433,0
DA:434,0
DA:435,0
DA:436,0
DA:437,0
DA:438,0
DA:439,0
DA:440,0
DA:441,0
DA:443,0
DA:444,0
DA:445,0
DA:446,0
DA:447,0
DA:448,0
DA:449,0
DA:451,0
DA:452,0
DA:453,0
DA:454,0
DA:455,0
DA:456,0
DA:458,0
DA:459,0
DA:460,0
DA:461,0
DA:462,0
DA:463,0
DA:464,0
DA:465,0
DA:466,0
DA:467,0
DA:469,0
DA:470,0
DA:471,0
DA:472,0
DA:473,0
DA:474,0
DA:475,0
DA:476,0
DA:477,0
DA:478,0
DA:480,0
DA:481,0
DA:482,0
DA:483,0
DA:484,0
DA:485,0
DA:486,0
DA:487,0
DA:488,0
DA:489,0
DA:490,0
DA:491,0
DA:492,0
DA:493,0
DA:494,0
DA:495,0
DA:497,0
DA:498,0
DA:499,0
DA:500,0
DA:501,0
DA:502,0
DA:503,0
DA:504,0
DA:505,0
DA:506,0
DA:508,0
DA:509,0
DA:510,0
DA:511,0
DA:512,0
DA:513,0
DA:514,0
DA:515,0
DA:516,0
DA:517,0
DA:519,0
DA:520,0
DA:521,0
DA:522,0
DA:523,0
DA:524,0
DA:525,0
DA:526,0
DA:527,0
DA:528,0
DA:530,0
DA:531,0
DA:532,0
DA:533,0
DA:534,0
DA:535,0
DA:536,0
DA:537,0
DA:538,0
DA:539,0
DA:541,0
BRDA:24,66,0,0
BRDA:24,66,1,0
BRDA:48,109,0,0
BRDA:48,109,1,0
BRDA:68,152,0,0
BRDA:68,152,1,0
BRDA:88,195,0,0
BRDA:88,195,1,0
BRDA:106,238,0,0
BRDA:106,238,1,0
BRDA:119,281,0,0
BRDA:119,281,1,0
BRDA:134,324,0,0
BRDA:134,324,1,0
BRDA:187,367,0,0
BRDA:187,367,1,0
BRDA:200,410,0,0
BRDA:200,410,1,0
BRDA:213,453,0,0
BRDA:213,453,1,0
BRDA:232,496,0,0
BRDA:232,496,1,0
BRDA:253,539,0,0
BRDA:253,539,1,0
BRDA:272,582,0,0
BRDA:272,582,1,0
BRDA:297,625,0,0
BRDA:297,625,1,0
BRDA:318,668,0,0
BRDA:318,668,1,0
BRDA:339,711,0,0
BRDA:339,711,1,0
BRDA:364,754,0,0
BRDA:364,754,1,0
BRDA:387,797,0,0
BRDA:387,797,1,0
BRDA:406,840,0,0
BRDA:406,840,1,0
BRDA:414,883,0,0
BRDA:414,883,1,0
BRDA:422,926,0,0
BRDA:422,926,1,0
BRDA:430,969,0,0
BRDA:430,969,1,0
BRDA:443,1012,0,0
BRDA:443,1012,1,0
BRDA:451,1055,0,0
BRDA:451,1055,1,0
BRDA:458,1098,0,0
BRDA:458,1098,1,0
BRDA:469,1141,0,0
BRDA:469,1141,1,0
BRDA:480,1184,0,0
BRDA:480,1184,1,0
BRDA:497,1227,0,0
BRDA:497,1227,1,0
BRDA:508,1270,0,0
BRDA:508,1270,1,0
BRDA:519,1313,0,0
BRDA:519,1313,1,0
BRDA:530,1356,0,0
BRDA:530,1356,1,0
LF:492
LH:0
BRF:62
BRH:0
FNF:1
FNH:0
end_of_record
SF:C:\Users\krittika\source\repos\ZomatoDemo\ZomatoDemo.DomainModel\Migrations\20191111121923_stringUserId.cs
FN:8,System.Void ZomatoDemo.DomainModel.Migrations.stringUserId::Up(Microsoft.EntityFrameworkCore.Migrations.MigrationBuilder)
FNDA:0,System.Void ZomatoDemo.DomainModel.Migrations.stringUserId::Up(Microsoft.EntityFrameworkCore.Migrations.MigrationBuilder)
DA:9,0
DA:10,0
DA:11,0
DA:12,0
DA:13,0
DA:14,0
DA:15,0
DA:16,0
DA:17,0
DA:18,0
DA:19,0
DA:20,0
DA:21,0
DA:22,0
DA:23,0
DA:24,0
DA:25,0
DA:26,0
DA:27,0
DA:28,0
DA:29,0
DA:30,0
DA:31,0
DA:32,0
DA:33,0
DA:34,0
DA:35,0
DA:37,0
DA:38,0
DA:39,0
DA:40,0
DA:42,0
DA:43,0
DA:44,0
DA:45,0
DA:46,0
BRDA:10,13,0,0
BRDA:10,13,1,0
BRDA:10,45,0,0
BRDA:10,45,1,0
FN:48,System.Void ZomatoDemo.DomainModel.Migrations.stringUserId::Down(Microsoft.EntityFrameworkCore.Migrations.MigrationBuilder)
FNDA:0,System.Void ZomatoDemo.DomainModel.Migrations.stringUserId::Down(Microsoft.EntityFrameworkCore.Migrations.MigrationBuilder)
DA:49,0
DA:50,0
DA:51,0
DA:52,0
LF:40
LH:0
BRF:4
BRH:0
FNF:2
FNH:0
end_of_record
SF:C:\Users\krittika\source\repos\ZomatoDemo\ZomatoDemo.DomainModel\Migrations\20191111121923_stringUserId.Designer.cs
FN:16,System.Void ZomatoDemo.DomainModel.Migrations.stringUserId::BuildTargetModel(Microsoft.EntityFrameworkCore.ModelBuilder)
FNDA:0,System.Void ZomatoDemo.DomainModel.Migrations.stringUserId::BuildTargetModel(Microsoft.EntityFrameworkCore.ModelBuilder)
DA:17,0
DA:19,0
DA:20,0
DA:21,0
DA:22,0
DA:24,0
DA:25,0
DA:26,0
DA:27,0
DA:28,0
DA:29,0
DA:30,0
DA:31,0
DA:32,0
DA:33,0
DA:34,0
DA:35,0
DA:36,0
DA:37,0
DA:38,0
DA:39,0
DA:40,0
DA:41,0
DA:42,0
DA:43,0
DA:44,0
DA:45,0
DA:46,0
DA:48,0
DA:49,0
DA:50,0
DA:51,0
DA:52,0
DA:53,0
DA:54,0
DA:55,0
DA:56,0
DA:57,0
DA:58,0
DA:59,0
DA:60,0
DA:61,0
DA:62,0
DA:63,0
DA:64,0
DA:65,0
DA:66,0
DA:68,0
DA:69,0
DA:70,0
DA:71,0
DA:72,0
DA:73,0
DA:74,0
DA:75,0
DA:76,0
DA:77,0
DA:78,0
DA:79,0
DA:80,0
DA:81,0
DA:82,0
DA:83,0
DA:84,0
DA:85,0
DA:86,0
DA:88,0
DA:89,0
DA:90,0
DA:91,0
DA:92,0
DA:93,0
DA:94,0
DA:95,0
DA:96,0
DA:97,0
DA:98,0
DA:99,0
DA:100,0
DA:101,0
DA:102,0
DA:103,0
DA:104,0
DA:106,0
DA:107,0
DA:108,0
DA:109,0
DA:110,0
DA:111,0
DA:112,0
DA:113,0
DA:114,0
DA:115,0
DA:116,0
DA:117,0
DA:119,0
DA:120,0
DA:121,0
DA:122,0
DA:123,0
DA:124,0
DA:125,0
DA:126,0
DA:127,0
DA:128,0
DA:129,0
DA:130,0
DA:131,0
DA:132,0
DA:134,0
DA:135,0
DA:136,0
DA:137,0
DA:138,0
DA:139,0
DA:140,0
DA:141,0
DA:142,0
DA:143,0
DA:144,0
DA:145,0
DA:146,0
DA:147,0
DA:148,0
DA:149,0
DA:150,0
DA:151,0
DA:152,0
DA:153,0
DA:154,0
DA:155,0
DA:156,0
DA:157,0
DA:158,0
DA:159,0
DA:160,0
DA:161,0
DA:162,0
DA:163,0
DA:164,0
DA:165,0
DA:166,0
DA:167,0
DA:168,0
DA:169,0
DA:170,0
DA:171,0
DA:172,0
DA:173,0
DA:174,0
DA:175,0
DA:176,0
DA:177,0
DA:178,0
DA:179,0
DA:180,0
DA:181,0
DA:182,0
DA:183,0
DA:184,0
DA:185,0
DA:187,0
DA:188,0
DA:189,0
DA:190,0
DA:191,0
DA:192,0
DA:193,0
DA:194,0
DA:195,0
DA:196,0
DA:197,0
DA:198,0
DA:200,0
DA:201,0
DA:202,0
DA:203,0
DA:204,0
DA:205,0
DA:206,0
DA:207,0
DA:208,0
DA:209,0
DA:210,0
DA:211,0
DA:212,0
DA:213,0
DA:214,0
DA:215,0
DA:216,0
DA:217,0
DA:218,0
DA:219,0
DA:221,0
DA:222,0
DA:223,0
DA:224,0
DA:225,0
DA:226,0
DA:227,0
DA:228,0
DA:229,0
DA:230,0
DA:231,0
DA:232,0
DA:234,0
DA:235,0
[...]
DA:9,7
FN:9,System.String ZomatoDemo.DomainModel.Application_Classes.ReviewsAC::get_UserName()
FNDA:0,System.String ZomatoDemo.DomainModel.Application_Classes.ReviewsAC::get_UserName()
DA:10,0
FN:10,System.Int32 ZomatoDemo.DomainModel.Application_Classes.ReviewsAC::get_LikesCount()
FNDA:7,System.Int32 ZomatoDemo.DomainModel.Application_Classes.ReviewsAC::get_LikesCount()
DA:11,7
FN:11,System.Int32 ZomatoDemo.DomainModel.Application_Classes.ReviewsAC::get_ReviewId()
FNDA:8,System.Int32 ZomatoDemo.DomainModel.Application_Classes.ReviewsAC::get_ReviewId()
DA:12,8
FN:12,System.String ZomatoDemo.DomainModel.Application_Classes.ReviewsAC::get_ReviewTexts()
FNDA:7,System.String ZomatoDemo.DomainModel.Application_Classes.ReviewsAC::get_ReviewTexts()
DA:13,7
FN:13,System.Collections.Generic.List`1<ZomatoDemo.DomainModel.Application_Classes.CommentAC> ZomatoDemo.DomainModel.Application_Classes.ReviewsAC::get_commentACs()
FNDA:0,System.Collections.Generic.List`1<ZomatoDemo.DomainModel.Application_Classes.CommentAC> ZomatoDemo.DomainModel.Application_Classes.ReviewsAC::get_commentACs()
DA:14,0
LF:6
LH:4
BRF:0
BRH:0
FNF:6
FNH:4
end_of_record
SF:C:\Users\krittika\source\repos\ZomatoDemo\ZomatoDemo.Repository\Users\UserRepository.cs
FN:21,System.Void ZomatoDemo.Repository.Users.UserRepository::.ctor(Microsoft.AspNetCore.Identity.UserManager`1<ZomatoDemo.DomainModel.Models.User>,ZomatoDemo.Repository.Authentication.IJwtFactory,ZomatoDemo.Repository.Data_Repository.IDataRepository)
FNDA:1,System.Void ZomatoDemo.Repository.Users.UserRepository::.ctor(Microsoft.AspNetCore.Identity.UserManager`1<ZomatoDemo.DomainModel.Models.User>,ZomatoDemo.Repository.Authentication.IJwtFactory,ZomatoDemo.Repository.Data_Repository.IDataRepository)
DA:22,1
DA:23,1
DA:24,1
DA:25,1
DA:26,1
DA:27,1
FN:30,System.Void ZomatoDemo.Repository.Users.UserRepository/<GetAllUsers>d__4::MoveNext()
FNDA:0,System.Void ZomatoDemo.Repository.Users.UserRepository/<GetAllUsers>d__4::MoveNext()
DA:31,0
DA:32,0
DA:33,0
DA:34,0
FN:35,System.Void ZomatoDemo.Repository.Users.UserRepository/<GetUserAsync>d__5::MoveNext()
FNDA:0,System.Void ZomatoDemo.Repository.Users.UserRepository/<GetUserAsync>d__5::MoveNext()
DA:36,0
DA:37,0
DA:38,0
DA:39,0
FN:42,System.Void ZomatoDemo.Repository.Users.UserRepository/<EditUser>d__6::MoveNext()
FNDA:1,System.Void ZomatoDemo.Repository.Users.UserRepository/<EditUser>d__6::MoveNext()
DA:43,1
DA:44,1
DA:46,1
DA:47,1
DA:49,1
DA:50,1
DA:51,1
DA:52,1
BRDA:43,14,0,1
BRDA:43,14,1,0
FN:55,System.Void ZomatoDemo.Repository.Users.UserRepository/<DeleteUser>d__7::MoveNext()
FNDA:1,System.Void ZomatoDemo.Repository.Users.UserRepository/<DeleteUser>d__7::MoveNext()
DA:56,1
DA:57,1
DA:58,1
DA:59,1
DA:60,1
DA:61,1
BRDA:56,14,0,1
BRDA:56,14,1,0
FN:64,System.Void ZomatoDemo.Repository.Users.UserRepository/<GetClaimsIdentity>d__8::MoveNext()
FNDA:0,System.Void ZomatoDemo.Repository.Users.UserRepository/<GetClaimsIdentity>d__8::MoveNext()
DA:65,0
DA:66,0
DA:67,0
DA:70,0
DA:72,0
DA:75,0
DA:76,0
DA:77,0
DA:81,0
DA:82,0
BRDA:66,78,0,0
BRDA:66,78,1,0
BRDA:66,96,0,0
BRDA:66,96,1,0
BRDA:72,365,0,0
BRDA:72,365,1,0
BRDA:75,621,0,0
BRDA:75,621,1,0
LF:38
LH:20
BRF:12
BRH:2
FNF:6
FNH:3
end_of_record
SF:C:\Users\krittika\source\repos\ZomatoDemo\ZomatoDemo.Repository\UnitOfWork\UnitOfWorkRepository.cs
FN:39,ZomatoDemo.Repository.Users.IUserRepository ZomatoDemo.Repository.UnitOfWork.UnitOfWorkRepository::get_User()
FNDA:2,ZomatoDemo.Repository.Users.IUserRepository ZomatoDemo.Repository.UnitOfWork.UnitOfWorkRepository::get_User()
DA:40,2
DA:41,2
DA:42,1
DA:43,1
DA:44,1
DA:45,2
DA:46,2
BRDA:41,12,0,1
BRDA:41,12,1,2
FN:50,ZomatoDemo.Repository.Restaurants.IRestaurantsRepository ZomatoDemo.Repository.UnitOfWork.UnitOfWorkRepository::get_Restaurant()
FNDA:13,ZomatoDemo.Repository.Restaurants.IRestaurantsRepository ZomatoDemo.Repository.UnitOfWork.UnitOfWorkRepository::get_Restaurant()
DA:51,13
DA:52,13
DA:53,1
DA:54,1
DA:55,1
DA:56,13
DA:57,13
BRDA:52,12,0,1
BRDA:52,12,1,13
FN:27,System.Void ZomatoDemo.Repository.UnitOfWork.UnitOfWorkRepository::.ctor(Microsoft.AspNetCore.Identity.UserManager`1<ZomatoDemo.DomainModel.Models.User>,ZomatoDemo.Repository.Authentication.IJwtFactory,AutoMapper.IMapper,ZomatoDemo.Repository.Data_Repository.IDataRepository)
FNDA:2,System.Void ZomatoDemo.Repository.UnitOfWork.UnitOfWorkRepository::.ctor(Microsoft.AspNetCore.Identity.UserManager`1<ZomatoDemo.DomainModel.Models.User>,ZomatoDemo.Repository.Authentication.IJwtFactory,AutoMapper.IMapper,ZomatoDemo.Repository.Data_Repository.IDataRepository)
DA:28,2
DA:29,2
DA:31,2
DA:32,2
DA:33,2
DA:34,2
DA:35,2
LF:21
LH:21
BRF:4
BRH:4
FNF:3
FNH:3
end_of_record
SF:C:\Users\krittika\source\repos\ZomatoDemo\ZomatoDemo.Repository\Restaurants\RestaurantsRepository.cs
FN:21,System.Void ZomatoDemo.Repository.Restaurants.RestaurantsRepository::.ctor(AutoMapper.IMapper,ZomatoDemo.Repository.Data_Repository.IDataRepository)
FNDA:1,System.Void ZomatoDemo.Repository.Restaurants.RestaurantsRepository::.ctor(AutoMapper.IMapper,ZomatoDemo.Repository.Data_Repository.IDataRepository)
DA:22,1
DA:23,1
DA:24,1
DA:25,1
DA:26,1
FN:45,System.Boolean ZomatoDemo.Repository.Restaurants.RestaurantsRepository/<>c__DisplayClass3_1::<GetRestaurantDetails>b__7(ZomatoDemo.DomainModel.Models.Comment)
FNDA:2,System.Boolean ZomatoDemo.Repository.Restaurants.RestaurantsRepository/<>c__DisplayClass3_1::<GetRestaurantDetails>b__7(ZomatoDemo.DomainModel.Models.Comment)
DA:46,2
FN:31,System.Void ZomatoDemo.Repository.Restaurants.RestaurantsRepository/<GetRestaurantDetails>d__3::MoveNext()
FNDA:1,System.Void ZomatoDemo.Repository.Restaurants.RestaurantsRepository/<GetRestaurantDetails>d__3::MoveNext()
DA:32,1
DA:33,1
DA:34,1
DA:35,1
DA:38,1
DA:39,1
DA:42,1
DA:43,1
DA:44,5
DA:45,1
DA:47,1
DA:48,1
DA:49,1
DA:51,1
DA:52,1
DA:53,1
DA:54,1
DA:55,1
DA:56,1
DA:57,1
DA:58,1
DA:59,1
DA:60,1
DA:61,1
DA:62,1
DA:63,1
DA:64,1
DA:65,1
DA:68,1
DA:69,1
DA:71,1
DA:72,1
DA:74,1
DA:75,1
DA:77,1
DA:78,1
BRDA:44,1190,1,1
BRDA:44,1190,0,1
FN:82,System.Void ZomatoDemo.Repository.Restaurants.RestaurantsRepository/<GetAllRestaurants>d__4::MoveNext()
FNDA:1,System.Void ZomatoDemo.Repository.Restaurants.RestaurantsRepository/<GetAllRestaurants>d__4::MoveNext()
DA:83,1
DA:84,1
DA:85,1
DA:86,1
DA:87,1
DA:88,1
FN:102,System.Void ZomatoDemo.Repository.Restaurants.RestaurantsRepository/<GetDishes>d__5::MoveNext()
FNDA:1,System.Void ZomatoDemo.Repository.Restaurants.RestaurantsRepository/<GetDishes>d__5::MoveNext()
DA:103,1
DA:104,1
DA:105,1
DA:106,1
DA:107,1
DA:108,1
FN:113,System.Void ZomatoDemo.Repository.Restaurants.RestaurantsRepository/<AddLocation>d__6::MoveNext()
FNDA:1,System.Void ZomatoDemo.Repository.Restaurants.RestaurantsRepository/<AddLocation>d__6::MoveNext()
DA:114,1
DA:116,1
DA:117,5
DA:118,1
DA:119,1
DA:120,1
DA:121,1
DA:122,1
DA:123,1
DA:124,1
DA:125,1
DA:126,1
DA:127,1
DA:128,1
DA:129,1
DA:130,1
DA:131,1
DA:132,1
BRDA:117,467,1,1
BRDA:117,71,1,0
BRDA:117,71,0,2
BRDA:117,467,0,1
FN:135,System.Void ZomatoDemo.Repository.Restaurants.RestaurantsRepository/<AddAllRestaurants>d__7::MoveNext()
FNDA:1,System.Void ZomatoDemo.Repository.Restaurants.RestaurantsRepository/<AddAllRestaurants>d__7::MoveNext()
DA:136,1
DA:138,1
DA:139,1
DA:140,1
DA:142,1
DA:143,1
DA:144,1
DA:146,1
DA:147,1
DA:148,1
DA:150,1
DA:151,1
DA:152,1
DA:154,1
DA:155,1
DA:156,1
DA:158,1
DA:159,1
DA:161,1
DA:162,1
DA:163,1
DA:164,1
FN:167,System.Void ZomatoDemo.Repository.Restaurants.RestaurantsRepository/<AddOrderDetails>d__8::MoveNext()
FNDA:1,System.Void ZomatoDemo.Repository.Restaurants.RestaurantsRepository/<AddOrderDetails>d__8::MoveNext()
DA:168,1
DA:169,1
DA:170,1
DA:171,1
DA:172,1
DA:173,5
DA:174,1
DA:175,1
DA:176,1
DA:177,1
DA:178,1
DA:179,1
DA:181,1
DA:182,1
DA:184,1
DA:185,1
DA:186,1
DA:187,1
DA:188,1
DA:189,1
BRDA:173,1058,1,1
BRDA:173,679,1,0
BRDA:173,679,0,2
BRDA:173,1058,0,1
FN:192,System.Void ZomatoDemo.Repository.Restaurants.RestaurantsRepository/<NewDish>d__9::MoveNext()
FNDA:1,System.Void ZomatoDemo.Repository.Restaurants.RestaurantsRepository/<NewDish>d__9::MoveNext()
DA:193,1
DA:194,1
DA:195,1
DA:196,1
DA:197,1
DA:198,1
DA:199,1
DA:200,1
DA:201,1
FN:204,System.Void ZomatoDemo.Repository.Restaurants.RestaurantsRepository/<AddReviews>d__10::MoveNext()
FNDA:1,System.Void ZomatoDemo.Repository.Restaurants.RestaurantsRepository/<AddReviews>d__10::MoveNext()
DA:205,1
DA:206,1
DA:207,1
DA:208,1
DA:209,1
DA:210,1
DA:211,1
DA:212,1
DA:213,1
FN:216,System.Void ZomatoDemo.Repository.Restaurants.RestaurantsRepository/<Likes>d__11::MoveNext()
FNDA:1,System.Void ZomatoDemo.Repository.Restaurants.RestaurantsRepository/<Likes>d__11::MoveNext()
DA:217,1
DA:218,1
DA:219,1
DA:220,1
DA:221,1
DA:222,1
DA:223,1
DA:224,1
DA:226,1
DA:227,1
DA:229,1
DA:230,1
DA:231,1
FN:234,System.Void ZomatoDemo.Repository.Restaurants.RestaurantsRepository/<CommentSection>d__12::MoveNext()
FNDA:1,System.Void ZomatoDemo.Repository.Restaurants.RestaurantsRepository/<CommentSection>d__12::MoveNext()
DA:235,1
DA:236,1
DA:237,1
DA:238,1
DA:239,1
DA:240,1
DA:242,1
DA:243,1
DA:244,1
DA:245,1
DA:246,1
FN:251,System.Void ZomatoDemo.Repository.Restaurants.RestaurantsRepository/<EditRestaurant>d__13::MoveNext()
FNDA:1,System.Void ZomatoDemo.Repository.Restaurants.RestaurantsRepository/<EditRestaurant>d__13::MoveNext()
DA:252,1
DA:253,1
DA:254,1
DA:255,1
DA:257,1
DA:258,1
DA:259,1
DA:261,1
DA:262,1
DA:264,1
DA:265,1
DA:266,1
DA:269,1
DA:270,1
DA:271,1
DA:273,1
DA:274,1
DA:276,1
DA:277,1
DA:280,1
DA:281,1
DA:282,1
FN:287,System.Void ZomatoDemo.Repository.Restaurants.RestaurantsRepository/<DeleteRestaurant>d__14::MoveNext()
FNDA:1,System.Void ZomatoDemo.Repository.Restaurants.RestaurantsRepository/<DeleteRestaurant>d__14::MoveNext()
DA:288,1
DA:289,1
DA:290,1
DA:291,1
DA:292,1
DA:293,1
DA:295,1
DA:296,5
DA:297,1
DA:298,1
DA:299,1
DA:300,1
DA:301,1
DA:302,1
DA:303,1
DA:304,1
DA:305,1
DA:306,1
DA:307,1
DA:308,1
DA:309,1
DA:310,1
BRDA:296,1925,1,1
BRDA:296,1925,0,1
BRDA:304,2074,0,1
BRDA:304,2074,1,1
FN:329,System.Boolean ZomatoDemo.Repository.Restaurants.RestaurantsRepository/<>c__DisplayClass15_1::<DeleteDishes>b__3(ZomatoDemo.DomainModel.Models.OrderDetails)
FNDA:2,System.Boolean ZomatoDemo.Repository.Restaurants.RestaurantsRepository/<>c__DisplayClass15_1::<DeleteDishes>b__3(ZomatoDemo.DomainModel.Models.OrderDetails)
DA:330,2
FN:312,System.Void ZomatoDemo.Repository.Restaurants.RestaurantsRepository/<DeleteDishes>d__15::MoveNext()
FNDA:1,System.Void ZomatoDemo.Repository.Restaurants.RestaurantsRepository/<DeleteDishes>d__15::MoveNext()
DA:313,1
DA:314,1
DA:315,1
DA:316,1
DA:317,1
DA:319,1
DA:320,1
DA:321,1
DA:322,1
DA:323,1
DA:324,1
DA:325,1
DA:326,1
DA:328,5
DA:329,1
DA:331,1
DA:333,1
DA:334,1
DA:335,1
DA:336,1
DA:337,1
BRDA:319,786,0,1
BRDA:319,786,1,1
BRDA:323,826,0,1
BRDA:323,826,1,1
BRDA:328,990,1,1
BRDA:328,990,0,1
LF:222
LH:222
BRF:20
BRH:18
FNF:16
FNH:16
end_of_record
SF:C:\Users\krittika\source\repos\ZomatoDemo\ZomatoDemo.Repository\Data_Repository\DataRepository.cs
FN:24,System.Threading.Tasks.Task`1<T> ZomatoDemo.Repository.Data_Repository.DataRepository::GetById(System.Object)
FNDA:0,System.Threading.Tasks.Task`1<T> ZomatoDemo.Repository.Data_Repository.DataRepository::GetById(System.Object)
DA:25,0
DA:26,0
DA:27,0
FN:29,System.Void ZomatoDemo.Repository.Data_Repository.DataRepository::Save()
FNDA:0,System.Void ZomatoDemo.Repository.Data_Repository.DataRepository::Save()
DA:30,0
DA:31,0
DA:32,0
FN:34,System.Linq.IQueryable`1<T> ZomatoDemo.Repository.Data_Repository.DataRepository::Where(System.Linq.Expressions.Expression`1<System.Func`2<T,System.Boolean>>)
FNDA:0,System.Linq.IQueryable`1<T> ZomatoDemo.Repository.Data_Repository.DataRepository::Where(System.Linq.Expressions.Expression`1<System.Func`2<T,System.Boolean>>)
DA:35,0
DA:36,0
DA:37,0
FN:39,Microsoft.EntityFrameworkCore.DbSet`1<T> ZomatoDemo.Repository.Data_Repository.DataRepository::CreateDbSet()
FNDA:0,Microsoft.EntityFrameworkCore.DbSet`1<T> ZomatoDemo.Repository.Data_Repository.DataRepository::CreateDbSet()
DA:40,0
DA:41,0
DA:42,0
FN:44,System.Linq.IQueryable`1<T> ZomatoDemo.Repository.Data_Repository.DataRepository::GetAll()
FNDA:0,System.Linq.IQueryable`1<T> ZomatoDemo.Repository.Data_Repository.DataRepository::GetAll()
DA:45,0
DA:46,0
DA:47,0
FN:56,T ZomatoDemo.Repository.Data_Repository.DataRepository::FirstOrDefault(System.Linq.Expressions.Expression`1<System.Func`2<T,System.Boolean>>)
FNDA:0,T ZomatoDemo.Repository.Data_Repository.DataRepository::FirstOrDefault(System.Linq.Expressions.Expression`1<System.Func`2<T,System.Boolean>>)
DA:57,0
DA:58,0
DA:59,0
FN:60,System.Threading.Tasks.Task`1<T> ZomatoDemo.Repository.Data_Repository.DataRepository::SingleAsync(System.Linq.Expressions.Expression`1<System.Func`2<T,System.Boolean>>)
FNDA:0,System.Threading.Tasks.Task`1<T> ZomatoDemo.Repository.Data_Repository.DataRepository::SingleAsync(System.Linq.Expressions.Expression`1<System.Func`2<T,System.Boolean>>)
DA:61,0
DA:62,0
DA:63,0
FN:76,Microsoft.EntityFrameworkCore.EntityState ZomatoDemo.Repository.Data_Repository.DataRepository::Entry(T)
FNDA:0,Microsoft.EntityFrameworkCore.EntityState ZomatoDemo.Repository.Data_Repository.DataRepository::Entry(T)
DA:77,0
DA:78,0
DA:79,0
FN:81,System.Void ZomatoDemo.Repository.Data_Repository.DataRepository::Remove(T)
FNDA:0,System.Void ZomatoDemo.Repository.Data_Repository.DataRepository::Remove(T)
DA:82,0
DA:83,0
DA:84,0
FN:85,System.Void ZomatoDemo.Repository.Data_Repository.DataRepository::RemoveRange(System.Collections.Generic.IEnumerable`1<T>)
FNDA:0,System.Void ZomatoDemo.Repository.Data_Repository.DataRepository::RemoveRange(System.Collections.Generic.IEnumerable`1<T>)
DA:86,0
DA:87,0
DA:88,0
FN:94,System.Void ZomatoDemo.Repository.Data_Repository.DataRepository::Update(T)
FNDA:0,System.Void ZomatoDemo.Repository.Data_Repository.DataRepository::Update(T)
DA:95,0
DA:96,0
DA:97,0
FN:18,System.Void ZomatoDemo.Repository.Data_Repository.DataRepository::.ctor(ZomatoDemo.Web.Models.ZomatoDbContext)
FNDA:0,System.Void ZomatoDemo.Repository.Data_Repository.DataRepository::.ctor(ZomatoDemo.Web.Models.ZomatoDbContext)
DA:19,0
DA:20,0
DA:21,0
DA:22,0
FN:48,System.Void ZomatoDemo.Repository.Data_Repository.DataRepository/<FirstAsync>d__7`1::MoveNext()
FNDA:0,System.Void ZomatoDemo.Repository.Data_Repository.DataRepository/<FirstAsync>d__7`1::MoveNext()
DA:49,0
DA:50,0
DA:51,0
FN:52,System.Void ZomatoDemo.Repository.Data_Repository.DataRepository/<FirstOrDefaultAsync>d__8`1::MoveNext()
FNDA:0,System.Void ZomatoDemo.Repository.Data_Repository.DataRepository/<FirstOrDefaultAsync>d__8`1::MoveNext()
DA:53,0
DA:54,0
DA:55,0
FN:64,System.Void ZomatoDemo.Repository.Data_Repository.DataRepository/<AddRangeAsync>d__11`1::MoveNext()
FNDA:0,System.Void ZomatoDemo.Repository.Data_Repository.DataRepository/<AddRangeAsync>d__11`1::MoveNext()
DA:65,0
DA:66,0
DA:67,0
FN:68,System.Void ZomatoDemo.Repository.Data_Repository.DataRepository/<AddAsync>d__12`1::MoveNext()
FNDA:0,System.Void ZomatoDemo.Repository.Data_Repository.DataRepository/<AddAsync>d__12`1::MoveNext()
DA:69,0
DA:70,0
DA:71,0
FN:72,System.Void ZomatoDemo.Repository.Data_Repository.DataRepository/<SaveChangesAsync>d__13::MoveNext()
FNDA:0,System.Void ZomatoDemo.Repository.Data_Repository.DataRepository/<SaveChangesAsync>d__13::MoveNext()
DA:73,0
DA:74,0
DA:75,0
FN:89,System.Void ZomatoDemo.Repository.Data_Repository.DataRepository/<FindAsyncById>d__17`1::MoveNext()
FNDA:0,System.Void ZomatoDemo.Repository.Data_Repository.DataRepository/<FindAsyncById>d__17`1::MoveNext()
DA:90,0
DA:91,0
DA:92,0
LF:55
LH:0
BRF:0
BRH:0
FNF:18
FNH:0
end_of_record
SF:C:\Users\krittika\source\repos\ZomatoDemo\ZomatoDemo.Util\UserProfile\Profiles.cs
FN:8,System.Void ZomatoDemo.DomainModel.UserProfile.Profiles::.ctor()
FNDA:2,System.Void ZomatoDemo.DomainModel.UserProfile.Profiles::.ctor()
DA:9,2
DA:10,2
DA:11,2
DA:12,2
DA:14,2
DA:15,4
DA:17,2
DA:18,4
DA:21,2
DA:22,2
DA:24,2
DA:25,2
DA:27,2
DA:28,2
DA:30,2
DA:31,2
DA:32,2
DA:33,2
DA:35,2
DA:36,2
DA:37,2
DA:38,2
DA:40,2
DA:41,2
DA:42,2
DA:44,2
DA:45,4
DA:47,2
DA:48,4
DA:49,4
DA:50,2
BRDA:14,101,0,1
BRDA:14,101,1,2
BRDA:17,206,0,1
BRDA:17,206,1,2
BRDA:44,470,0,2
BRDA:44,470,1,2
BRDA:47,580,0,2
BRDA:47,580,1,2
BRDA:47,673,0,1
BRDA:47,673,1,2
LF:31
LH:31
BRF:10
BRH:10
FNF:1
FNH:1
end_of_record
SF:C:\Users\krittika\source\repos\ZomatoDemo\ZomatoDemo.Util\Helpers\Errors.cs
FN:8,Microsoft.AspNetCore.Mvc.ModelBinding.ModelStateDictionary ZomatoDemo.Repository.Helpers.Errors::AddErrorsToModelState(Microsoft.AspNetCore.Identity.IdentityResult,Microsoft.AspNetCore.Mvc.ModelBinding.ModelStateDictionary)
FNDA:0,Microsoft.AspNetCore.Mvc.ModelBinding.ModelStateDictionary ZomatoDemo.Repository.Helpers.Errors::AddErrorsToModelState(Microsoft.AspNetCore.Identity.IdentityResult,Microsoft.AspNetCore.Mvc.ModelBinding.ModelStateDictionary)
DA:9,0
DA:10,0
DA:11,0
DA:12,0
DA:13,0
DA:15,0
DA:16,0
BRDA:10,50,1,0
BRDA:10,50,0,0
FN:18,Microsoft.AspNetCore.Mvc.ModelBinding.ModelStateDictionary ZomatoDemo.Repository.Helpers.Errors::AddErrorToModelState(System.String,System.String,Microsoft.AspNetCore.Mvc.ModelBinding.ModelStateDictionary)
FNDA:0,Microsoft.AspNetCore.Mvc.ModelBinding.ModelStateDictionary ZomatoDemo.Repository.Helpers.Errors::AddErrorToModelState(System.String,System.String,Microsoft.AspNetCore.Mvc.ModelBinding.ModelStateDictionary)
DA:19,0
DA:20,0
DA:21,0
DA:22,0
LF:11
LH:0
BRF:2
BRH:0
FNF:2
FNH:0
end_of_record
SF:C:\Users\krittika\source\repos\ZomatoDemo\ZomatoDemo.Util\Helpers\Tokens.cs
FN:18,System.Boolean ZomatoDemo.Repository.Helpers.Tokens/<>c::<GenerateJwt>b__0_0(System.Security.Claims.Claim)
FNDA:0,System.Boolean ZomatoDemo.Repository.Helpers.Tokens/<>c::<GenerateJwt>b__0_0(System.Security.Claims.Claim)
DA:19,0
FN:15,System.Void ZomatoDemo.Repository.Helpers.Tokens/<GenerateJwt>d__0::MoveNext()
FNDA:0,System.Void ZomatoDemo.Repository.Helpers.Tokens/<GenerateJwt>d__0::MoveNext()
DA:16,0
DA:17,0
DA:18,0
DA:20,0
DA:21,0
DA:22,0
DA:23,0
DA:24,0
DA:25,0
DA:26,0
DA:28,0
DA:29,0
BRDA:17,36,0,0
BRDA:17,36,1,0
LF:13
LH:0
BRF:2
BRH:0
FNF:2
FNH:0
end_of_record
SF:C:\Users\krittika\source\repos\ZomatoDemo\ZomatoDemo.Util\Authentication\JwtFactory.cs
FN:47,System.Security.Claims.ClaimsIdentity ZomatoDemo.Repository.Authentication.JwtFactory::GenerateClaimsIdentity(System.String,System.String)
FNDA:0,System.Security.Claims.ClaimsIdentity ZomatoDemo.Repository.Authentication.JwtFactory::GenerateClaimsIdentity(System.String,System.String)
DA:48,0
DA:49,0
DA:50,0
DA:51,0
DA:52,0
DA:53,0
DA:54,0
FN:57,System.Int64 ZomatoDemo.Repository.Authentication.JwtFactory::ToUnixEpochDate(System.DateTime)
FNDA:0,System.Int64 ZomatoDemo.Repository.Authentication.JwtFactory::ToUnixEpochDate(System.DateTime)
DA:58,0
DA:59,0
DA:60,0
FN:62,System.Void ZomatoDemo.Repository.Authentication.JwtFactory::ThrowIfInvalidOptions(ZomatoDemo.DomainModel.Utility.JwtIssuerOptions)
FNDA:0,System.Void ZomatoDemo.Repository.Authentication.JwtFactory::ThrowIfInvalidOptions(ZomatoDemo.DomainModel.Utility.JwtIssuerOptions)
DA:63,0
DA:64,0
DA:66,0
DA:67,0
DA:68,0
DA:71,0
DA:72,0
DA:73,0
DA:76,0
DA:77,0
DA:78,0
DA:80,0
BRDA:64,7,0,0
BRDA:64,7,1,0
BRDA:66,38,0,0
BRDA:66,38,1,0
BRDA:71,68,0,0
BRDA:71,68,1,0
BRDA:76,93,0,0
BRDA:76,93,1,0
FN:15,System.Void ZomatoDemo.Repository.Authentication.JwtFactory::.ctor(Microsoft.Extensions.Options.IOptions`1<ZomatoDemo.DomainModel.Utility.JwtIssuerOptions>)
FNDA:0,System.Void ZomatoDemo.Repository.Authentication.JwtFactory::.ctor(Microsoft.Extensions.Options.IOptions`1<ZomatoDemo.DomainModel.Utility.JwtIssuerOptions>)
DA:16,0
DA:17,0
DA:18,0
DA:19,0
DA:20,0
FN:22,System.Void ZomatoDemo.Repository.Authentication.JwtFactory/<GenerateEncodedToken>d__2::MoveNext()
FNDA:0,System.Void ZomatoDemo.Repository.Authentication.JwtFactory/<GenerateEncodedToken>d__2::MoveNext()
DA:23,0
DA:24,0
DA:25,0
DA:26,0
DA:27,0
DA:28,0
DA:29,0
DA:30,0
DA:31,0
DA:34,0
DA:35,0
DA:36,0
DA:37,0
DA:38,0
DA:39,0
DA:40,0
DA:42,0
DA:44,0
DA:45,0
LF:46
LH:0
BRF:8
BRH:0
FNF:5
FNH:0
end_of_record